#
# A fatal error has been detected by the Java Runtime Environment:
#
#  SIGSEGV (0xb) at pc=0x00007f7c42ff8571, pid=43672, tid=43690
#
# JRE version: OpenJDK Runtime Environment Temurin-17.0.5+8 (17.0.5+8) (build 17.0.5+8)
# Java VM: OpenJDK 64-Bit Server VM Temurin-17.0.5+8 (17.0.5+8, mixed mode, tiered, compressed oops, compressed class ptrs, g1 gc, linux-amd64)
# Problematic frame:
# V  [libjvm.so+0x53d571]  PhaseChaitin::mark_ssa()+0x121
#
# Core dump will be written. Default location: Core dumps may be processed with "/usr/share/apport/apport -p%p -s%s -c%c -d%d -P%P -u%u -g%g -- %E" (or dumping to /home/panini/BMSUpdated/bmsServer/core.43672)
#
# If you would like to submit a bug report, please visit:
#   https://github.com/adoptium/adoptium-support/issues
#

---------------  S U M M A R Y ------------

Command Line: -XX:+ShowCodeDetailsInExceptionMessages -agentlib:jdwp=transport=dt_socket,suspend=y,address=localhost:46597 -javaagent:/home/panini/snap/eclipse/67/amd64/configuration/org.eclipse.osgi/221/0/.cp/lib/javaagent-shaded.jar -Dfile.encoding=UTF-8 com.ravish.bms.CrmApplication

Host: AMD A10-7300 Radeon R6, 10 Compute Cores 4C+6G, 4 cores, 14G, Ubuntu 22.04.2 LTS
Time: Tue Sep  5 12:47:06 2023 IST elapsed time: 1600.836934 seconds (0d 0h 26m 40s)

---------------  T H R E A D  ---------------

Current thread (0x00007f7c3c1ff8c0):  JavaThread "C2 CompilerThread0" daemon [_thread_in_native, id=43690, stack(0x00007f7c0b000000,0x00007f7c0b100000)]


Current CompileTask:
C2:1600837 14728       4       com.fasterxml.jackson.databind.introspect.AnnotatedClassResolver::_addSuperInterfaces (85 bytes)

Stack: [0x00007f7c0b000000,0x00007f7c0b100000],  sp=0x00007f7c0b0fb450,  free space=1005k
Native frames: (J=compiled Java code, j=interpreted, Vv=VM code, C=native code)
V  [libjvm.so+0x53d571]  PhaseChaitin::mark_ssa()+0x121
V  [libjvm.so+0x784829]  PhaseCFG::global_code_motion()+0x859
V  [libjvm.so+0x785a6a]  PhaseCFG::do_global_code_motion()+0x4a
V  [libjvm.so+0x5cc4fa]  Compile::Code_Gen()+0x29a
V  [libjvm.so+0x5d21fb]  Compile::Compile(ciEnv*, ciMethod*, int, bool, bool, bool, bool, bool, DirectiveSet*)+0x148b
V  [libjvm.so+0x510cb9]  C2Compiler::compile_method(ciEnv*, ciMethod*, int, bool, DirectiveSet*)+0xe9
V  [libjvm.so+0x5dab62]  CompileBroker::invoke_compiler_on_method(CompileTask*)+0xef2
V  [libjvm.so+0x5db808]  CompileBroker::compiler_thread_loop()+0x508
V  [libjvm.so+0xe59f04]  JavaThread::thread_main_inner()+0x184
V  [libjvm.so+0xe5d5b0]  Thread::call_run()+0xc0
V  [libjvm.so+0xc17381]  thread_native_entry(Thread*)+0xe1


siginfo: si_signo: 11 (SIGSEGV), si_code: 1 (SEGV_MAPERR), si_addr: 0x00007f7b00000008

Register to memory mapping:

RAX=0x00007f7b00000008 is an unknown value
RBX=0x0 is NULL
RCX=0x00000000000001a6 is an unknown value
RDX=0x00007f7c0b0fb8e0 is pointing into the stack for thread: 0x00007f7c3c1ff8c0
RSP=0x00007f7c0b0fb450 is pointing into the stack for thread: 0x00007f7c3c1ff8c0
RBP=0x00007f7c0b0fb490 is pointing into the stack for thread: 0x00007f7c3c1ff8c0
RSI=0x00007f7bf094e4f0 points into unknown readable memory: 0x00007f7bf05cbcc8 | c8 bc 5c f0 7b 7f 00 00
RDI=0x00007f7bf006d5d8 points into unknown readable memory: 0x00007f7c43d0dea8 | a8 de d0 43 7c 7f 00 00
R8 =0x0000000000000001 is an unknown value
R9 =0x0000000000000009 is an unknown value
R10=0x00007f7c43da29c8: <offset 0x00000000012e79c8> in /snap/eclipse/67/plugins/org.eclipse.justj.openjdk.hotspot.jre.full.linux.x86_64_17.0.5.v20221102-0933/jre/lib/server/libjvm.so at 0x00007f7c42abb000
R11=0x00007f7c43da31bc: <offset 0x00000000012e81bc> in /snap/eclipse/67/plugins/org.eclipse.justj.openjdk.hotspot.jre.full.linux.x86_64_17.0.5.v20221102-0933/jre/lib/server/libjvm.so at 0x00007f7c42abb000
R12=0x00007f7be4100540 points into unknown readable memory: 0x0000000000000000 | 00 00 00 00 00 00 00 00
R13=0x0 is NULL
R14=0x0000000000000aee is an unknown value
R15=0x00007f7c0b0fb6a0 is pointing into the stack for thread: 0x00007f7c3c1ff8c0


Registers:
RAX=0x00007f7b00000008, RBX=0x0000000000000000, RCX=0x00000000000001a6, RDX=0x00007f7c0b0fb8e0
RSP=0x00007f7c0b0fb450, RBP=0x00007f7c0b0fb490, RSI=0x00007f7bf094e4f0, RDI=0x00007f7bf006d5d8
R8 =0x0000000000000001, R9 =0x0000000000000009, R10=0x00007f7c43da29c8, R11=0x00007f7c43da31bc
R12=0x00007f7be4100540, R13=0x0000000000000000, R14=0x0000000000000aee, R15=0x00007f7c0b0fb6a0
RIP=0x00007f7c42ff8571, EFLAGS=0x0000000000010202, CSGSFS=0x002b000000000033, ERR=0x0000000000000004
  TRAPNO=0x000000000000000e

Top of Stack: (sp=0x00007f7c0b0fb450)
0x00007f7c0b0fb450:   000000220b0fb490 00000000c0047a70
0x00007f7c0b0fb460:   00007f7c0b0fb8e0 00007f7c3c1fe260
0x00007f7c0b0fb470:   00007f7c0b0fb8e0 00007f7c0b0fb520
0x00007f7c0b0fb480:   0000000000000000 00007f7c0b0fb6a0 

Instructions: (pc=0x00007f7c42ff8571)
0x00007f7c42ff8471:   84 0c 02 00 00 c7 45 c4 00 00 00 00 0f 1f 00 8b
0x00007f7c42ff8481:   45 c4 48 8b 72 30 4c 8b 24 c6 41 8b 5c 24 28 85
0x00007f7c42ff8491:   db 0f 84 0f 01 00 00 89 d8 45 31 ed 48 89 45 c8
0x00007f7c42ff84a1:   e9 bd 00 00 00 66 2e 0f 1f 84 00 00 00 00 00 89
0x00007f7c42ff84b1:   c8 44 8d 49 01 48 8b 04 c2 44 39 ce 72 77 4a 0b
0x00007f7c42ff84c1:   04 ca 44 8d 49 02 44 39 ce 72 6a 4a 0b 04 ca 44
0x00007f7c42ff84d1:   8d 49 03 44 39 ce 72 5d 4a 0b 04 ca 44 8d 49 04
0x00007f7c42ff84e1:   44 39 ce 72 50 4a 0b 04 ca 44 8d 49 05 44 39 ce
0x00007f7c42ff84f1:   72 43 4a 0b 04 ca 44 8d 49 06 44 39 ce 72 36 4a
0x00007f7c42ff8501:   0b 04 ca 44 8d 49 07 44 39 ce 72 29 4a 0b 04 ca
0x00007f7c42ff8511:   44 8d 49 08 44 39 ce 72 1c 4a 0b 04 ca 44 8d 49
0x00007f7c42ff8521:   09 44 39 ce 72 0f 83 c1 0a 4a 0b 04 ca 39 ce 72
0x00007f7c42ff8531:   04 48 0b 04 ca 48 63 53 28 48 85 c0 b8 00 00 00
0x00007f7c42ff8541:   00 0f 45 c2 49 8b 8f 08 01 00 00 89 04 91 8b 43
0x00007f7c42ff8551:   28 41 39 c6 44 0f 42 f0 49 83 c5 01 4c 39 6d c8
0x00007f7c42ff8561:   74 3d 31 db 45 39 6c 24 18 76 09 49 8b 44 24 20
0x00007f7c42ff8571:   4a 8b 1c e8 48 8b 03 48 89 df ff 50 78 8b 48 58
0x00007f7c42ff8581:   8b 70 5c 48 89 c2 39 ce 0f 83 21 ff ff ff 48 63
0x00007f7c42ff8591:   53 28 31 c0 eb ae 66 0f 1f 84 00 00 00 00 00 49
0x00007f7c42ff85a1:   8b 57 48 8b 4a 40 83 45 c4 01 8b 45 c4 39 c8 0f
0x00007f7c42ff85b1:   82 ca fe ff ff 41 8d 46 01 4c 63 e0 89 c3 49 c1
0x00007f7c42ff85c1:   e4 02 41 8b 8f e8 00 00 00 41 89 87 e0 00 00 00
0x00007f7c42ff85d1:   39 d9 7f 4c 41 39 9f ec 00 00 00 0f 8e 86 00 00
0x00007f7c42ff85e1:   00 39 cb 7e 30 8d 53 ff 48 63 f1 29 ca 48 8d 04
0x00007f7c42ff85f1:   b5 00 00 00 00 48 8d 4c 16 01 48 c1 e1 02 49 8b
0x00007f7c42ff8601:   97 f0 00 00 00 c7 04 02 00 00 00 00 48 83 c0 04
0x00007f7c42ff8611:   48 39 c1 75 e9 41 83 c6 02 45 89 b7 e8 00 00 00
0x00007f7c42ff8621:   49 8b 87 f0 00 00 00 42 c7 04 20 00 00 00 00 41
0x00007f7c42ff8631:   8b 97 e0 00 00 00 31 c0 85 d2 74 1c 0f 1f 00 49
0x00007f7c42ff8641:   8b 97 f0 00 00 00 48 63 c8 89 04 8a 83 c0 01 41
0x00007f7c42ff8651:   39 87 e0 00 00 00 77 e7 48 83 c4 18 5b 41 5c 41
0x00007f7c42ff8661:   5d 41 5e 41 5f 5d c3 49 8d bf e8 00 00 00 89 de 


Stack slot to memory mapping:
stack at sp + 0 slots: 0x000000220b0fb490 is an unknown value
stack at sp + 1 slots: 0x00000000c0047a70 is an unknown value
stack at sp + 2 slots: 0x00007f7c0b0fb8e0 is pointing into the stack for thread: 0x00007f7c3c1ff8c0
stack at sp + 3 slots: 0x00007f7c3c1fe260 points into unknown readable memory: 0x0000000700000006 | 06 00 00 00 07 00 00 00
stack at sp + 4 slots: 0x00007f7c0b0fb8e0 is pointing into the stack for thread: 0x00007f7c3c1ff8c0
stack at sp + 5 slots: 0x00007f7c0b0fb520 is pointing into the stack for thread: 0x00007f7c3c1ff8c0
stack at sp + 6 slots: 0x0 is NULL
stack at sp + 7 slots: 0x00007f7c0b0fb6a0 is pointing into the stack for thread: 0x00007f7c3c1ff8c0


---------------  P R O C E S S  ---------------

Threads class SMR info:
_java_thread_list=0x00007f7ba00510f0, length=34, elements={
0x00007f7c3c1d0d80, 0x00007f7c3c1d23d0, 0x00007f7c3c208650, 0x00007f7c3c209a00,
0x00007f7c3c1fe2c0, 0x00007f7c3c1ff8c0, 0x00007f7c3c200da0, 0x00007f7c3c202230,
0x00007f7c3c2a0450, 0x00007f7c3c314680, 0x00007f7c3c327bd0, 0x00007f7be0001130,
0x00007f7c3c782b80, 0x00007f7c3d2b57d0, 0x00007f7c3d95aa40, 0x00007f7bb8051500,
0x00007f7c3d956790, 0x00007f7c3d88dfc0, 0x00007f7c3d890970, 0x00007f7c3d891130,
0x00007f7c3d891fa0, 0x00007f7c3d892f90, 0x00007f7c3d894440, 0x00007f7c3d895900,
0x00007f7c3d896dc0, 0x00007f7c3d8981b0, 0x00007f7c3d8995a0, 0x00007f7c3d89a990,
0x00007f7c3d89c8d0, 0x00007f7c3d89d840, 0x00007f7c3c029fa0, 0x00007f7ba80429e0,
0x00007f7bac178e70, 0x00007f7bb8008220
}

Java Threads: ( => current thread )
  0x00007f7c3c1d0d80 JavaThread "Reference Handler" daemon [_thread_blocked, id=43685, stack(0x00007f7c203fb000,0x00007f7c204fb000)]
  0x00007f7c3c1d23d0 JavaThread "Finalizer" daemon [_thread_blocked, id=43686, stack(0x00007f7c202fb000,0x00007f7c203fb000)]
  0x00007f7c3c208650 JavaThread "Signal Dispatcher" daemon [_thread_blocked, id=43687, stack(0x00007f7c201fb000,0x00007f7c202fb000)]
  0x00007f7c3c209a00 JavaThread "Service Thread" daemon [_thread_blocked, id=43688, stack(0x00007f7c200fb000,0x00007f7c201fb000)]
  0x00007f7c3c1fe2c0 JavaThread "Monitor Deflation Thread" daemon [_thread_blocked, id=43689, stack(0x00007f7c0b100000,0x00007f7c0b200000)]
=>0x00007f7c3c1ff8c0 JavaThread "C2 CompilerThread0" daemon [_thread_in_native, id=43690, stack(0x00007f7c0b000000,0x00007f7c0b100000)]
  0x00007f7c3c200da0 JavaThread "C1 CompilerThread0" daemon [_thread_blocked, id=43691, stack(0x00007f7c0af00000,0x00007f7c0b000000)]
  0x00007f7c3c202230 JavaThread "Sweeper thread" daemon [_thread_blocked, id=43692, stack(0x00007f7c0ae00000,0x00007f7c0af00000)]
  0x00007f7c3c2a0450 JavaThread "Common-Cleaner" daemon [_thread_blocked, id=43693, stack(0x00007f7c0ad00000,0x00007f7c0ae00000)]
  0x00007f7c3c314680 JavaThread "JDWP Transport Listener: dt_socket" daemon [_thread_blocked, id=43695, stack(0x00007f7c0ac00000,0x00007f7c0ad00000)]
  0x00007f7c3c327bd0 JavaThread "JDWP Event Helper Thread" daemon [_thread_blocked, id=43697, stack(0x00007f7c0ab00000,0x00007f7c0ac00000)]
  0x00007f7be0001130 JavaThread "JDWP Command Reader" daemon [_thread_in_native, id=43698, stack(0x00007f7c0aa00000,0x00007f7c0ab00000)]
  0x00007f7c3c782b80 JavaThread "Notification Thread" daemon [_thread_blocked, id=43701, stack(0x00007f7c0a900000,0x00007f7c0aa00000)]
  0x00007f7c3d2b57d0 JavaThread "mysql-cj-abandoned-connection-cleanup" daemon [_thread_blocked, id=43710, stack(0x00007f7c098f6000,0x00007f7c099f6000)]
  0x00007f7c3d95aa40 JavaThread "Catalina-utility-1" [_thread_blocked, id=43711, stack(0x00007f7c099f6000,0x00007f7c09af6000)]
  0x00007f7bb8051500 JavaThread "Catalina-utility-2" [_thread_blocked, id=43712, stack(0x00007f7bb2f00000,0x00007f7bb3000000)]
  0x00007f7c3d956790 JavaThread "container-0" [_thread_blocked, id=43713, stack(0x00007f7bb2e00000,0x00007f7bb2f00000)]
  0x00007f7c3d88dfc0 JavaThread "http-nio-8080-BlockPoller" daemon [_thread_in_native, id=43714, stack(0x00007f7bb2d00000,0x00007f7bb2e00000)]
  0x00007f7c3d890970 JavaThread "http-nio-8080-exec-1" daemon [_thread_blocked, id=43715, stack(0x00007f7bb2c00000,0x00007f7bb2d00000)]
  0x00007f7c3d891130 JavaThread "http-nio-8080-exec-2" daemon [_thread_blocked, id=43716, stack(0x00007f7bb2300000,0x00007f7bb2400000)]
  0x00007f7c3d891fa0 JavaThread "http-nio-8080-exec-3" daemon [_thread_blocked, id=43717, stack(0x00007f7bb2200000,0x00007f7bb2300000)]
  0x00007f7c3d892f90 JavaThread "http-nio-8080-exec-4" daemon [_thread_blocked, id=43718, stack(0x00007f7bb2100000,0x00007f7bb2200000)]
  0x00007f7c3d894440 JavaThread "http-nio-8080-exec-5" daemon [_thread_blocked, id=43719, stack(0x00007f7bb2000000,0x00007f7bb2100000)]
  0x00007f7c3d895900 JavaThread "http-nio-8080-exec-6" daemon [_thread_blocked, id=43720, stack(0x00007f7bb1f00000,0x00007f7bb2000000)]
  0x00007f7c3d896dc0 JavaThread "http-nio-8080-exec-7" daemon [_thread_blocked, id=43721, stack(0x00007f7bb1e00000,0x00007f7bb1f00000)]
  0x00007f7c3d8981b0 JavaThread "http-nio-8080-exec-8" daemon [_thread_blocked, id=43722, stack(0x00007f7bb1d00000,0x00007f7bb1e00000)]
  0x00007f7c3d8995a0 JavaThread "http-nio-8080-exec-9" daemon [_thread_blocked, id=43723, stack(0x00007f7bb1c00000,0x00007f7bb1d00000)]
  0x00007f7c3d89a990 JavaThread "http-nio-8080-exec-10" daemon [_thread_blocked, id=43724, stack(0x00007f7bb1b00000,0x00007f7bb1c00000)]
  0x00007f7c3d89c8d0 JavaThread "http-nio-8080-ClientPoller" daemon [_thread_in_native, id=43725, stack(0x00007f7bb1a00000,0x00007f7bb1b00000)]
  0x00007f7c3d89d840 JavaThread "http-nio-8080-Acceptor" daemon [_thread_in_native, id=43726, stack(0x00007f7bb1900000,0x00007f7bb1a00000)]
  0x00007f7c3c029fa0 JavaThread "DestroyJavaVM" [_thread_blocked, id=43674, stack(0x00007f7c428c3000,0x00007f7c429c3000)]
  0x00007f7ba80429e0 JavaThread "BMS housekeeper" daemon [_thread_blocked, id=43737, stack(0x00007f7bb1800000,0x00007f7bb1900000)]
  0x00007f7bac178e70 JavaThread "BMS housekeeper" daemon [_thread_blocked, id=43738, stack(0x00007f7bb0f00000,0x00007f7bb1000000)]
  0x00007f7bb8008220 JavaThread "BMS housekeeper" daemon [_thread_blocked, id=43739, stack(0x00007f7bb0e00000,0x00007f7bb0f00000)]

Other Threads:
  0x00007f7c3c1818d0 VMThread "VM Thread" [stack: 0x00007f7c400eb000,0x00007f7c401eb000] [id=43684]
  0x00007f7c3c213a60 WatcherThread [stack: 0x00007f7c09f00000,0x00007f7c0a000000] [id=43702]
  0x00007f7c3c08fa60 GCTaskThread "GC Thread#0" [stack: 0x00007f7c40b25000,0x00007f7c40c25000] [id=43677]
  0x00007f7c04005290 GCTaskThread "GC Thread#1" [stack: 0x00007f7c09dfe000,0x00007f7c09efe000] [id=43704]
  0x00007f7c04005cc0 GCTaskThread "GC Thread#2" [stack: 0x00007f7c09cfc000,0x00007f7c09dfc000] [id=43705]
  0x00007f7c040066f0 GCTaskThread "GC Thread#3" [stack: 0x00007f7c09bfa000,0x00007f7c09cfa000] [id=43706]
  0x00007f7c3c09f980 ConcurrentGCThread "G1 Main Marker" [stack: 0x00007f7c40a23000,0x00007f7c40b23000] [id=43678]
  0x00007f7c3c0a08e0 ConcurrentGCThread "G1 Conc#0" [stack: 0x00007f7c40921000,0x00007f7c40a21000] [id=43679]
  0x00007f7c3c13ad70 ConcurrentGCThread "G1 Refine#0" [stack: 0x00007f7c4041b000,0x00007f7c4051b000] [id=43680]
  0x00007f7c0c000eb0 ConcurrentGCThread "G1 Refine#1" [stack: 0x00007f7c09af8000,0x00007f7c09bf8000] [id=43707]
  0x00007f7c3c13bc60 ConcurrentGCThread "G1 Service" [stack: 0x00007f7c40319000,0x00007f7c40419000] [id=43681]

Threads with active compile tasks:
C2 CompilerThread0  1600848 14728       4       com.fasterxml.jackson.databind.introspect.AnnotatedClassResolver::_addSuperInterfaces (85 bytes)

VM state: not at safepoint (normal execution)

VM Mutex/Monitor currently owned by a thread: None

Heap address: 0x0000000716c00000, size: 3732 MB, Compressed Oops mode: Zero based, Oop shift amount: 3

CDS archive(s) not mapped
Compressed class space mapped at: 0x0000000800000000-0x0000000840000000, reserved size: 1073741824
Narrow klass base: 0x0000000800000000, Narrow klass shift: 0, Narrow klass range: 0x40000000

GC Precious Log:
 CPUs: 4 total, 4 available
 Memory: 14927M
 Large Page Support: Disabled
 NUMA Support: Disabled
 Compressed Oops: Enabled (Zero based)
 Heap Region Size: 2M
 Heap Min Capacity: 8M
 Heap Initial Capacity: 234M
 Heap Max Capacity: 3732M
 Pre-touch: Disabled
 Parallel Workers: 4
 Concurrent Workers: 1
 Concurrent Refinement Workers: 4
 Periodic GC: Disabled

Heap:
 garbage-first heap   total 165888K, used 62643K [0x0000000716c00000, 0x0000000800000000)
  region size 2048K, 10 young (20480K), 2 survivors (4096K)
 Metaspace       used 80137K, committed 80832K, reserved 1122304K
  class space    used 9444K, committed 9792K, reserved 1048576K

Heap Regions: E=young(eden), S=young(survivor), O=old, HS=humongous(starts), HC=humongous(continues), CS=collection set, F=free, OA=open archive, CA=closed archive, TAMS=top-at-mark-start (previous, next)
|   0|0x0000000716c00000, 0x0000000716e00000, 0x0000000716e00000|100%| O|  |TAMS 0x0000000716e00000, 0x0000000716c00000| Untracked 
|   1|0x0000000716e00000, 0x0000000717000000, 0x0000000717000000|100%| O|  |TAMS 0x0000000717000000, 0x0000000716e00000| Untracked 
|   2|0x0000000717000000, 0x0000000717200000, 0x0000000717200000|100%| O|  |TAMS 0x0000000717200000, 0x0000000717000000| Untracked 
|   3|0x0000000717200000, 0x0000000717400000, 0x0000000717400000|100%| O|  |TAMS 0x0000000717400000, 0x0000000717200000| Untracked 
|   4|0x0000000717400000, 0x0000000717600000, 0x0000000717600000|100%| O|  |TAMS 0x0000000717400000, 0x0000000717400000| Untracked 
|   5|0x0000000717600000, 0x00000007177eb600, 0x0000000717800000| 95%| O|  |TAMS 0x00000007177eb600, 0x0000000717600000| Untracked 
|   6|0x0000000717800000, 0x00000007179db600, 0x0000000717a00000| 92%| O|  |TAMS 0x00000007179db600, 0x0000000717800000| Untracked 
|   7|0x0000000717a00000, 0x0000000717c00000, 0x0000000717c00000|100%| O|  |TAMS 0x0000000717c00000, 0x0000000717a00000| Untracked 
|   8|0x0000000717c00000, 0x0000000717e00000, 0x0000000717e00000|100%| O|  |TAMS 0x0000000717e00000, 0x0000000717c00000| Untracked 
|   9|0x0000000717e00000, 0x0000000718000000, 0x0000000718000000|100%| O|  |TAMS 0x0000000718000000, 0x0000000717e00000| Untracked 
|  10|0x0000000718000000, 0x0000000718200000, 0x0000000718200000|100%| O|  |TAMS 0x0000000718200000, 0x0000000718000000| Untracked 
|  11|0x0000000718200000, 0x0000000718400000, 0x0000000718400000|100%| O|  |TAMS 0x0000000718400000, 0x0000000718200000| Untracked 
|  12|0x0000000718400000, 0x0000000718600000, 0x0000000718600000|100%| O|  |TAMS 0x0000000718600000, 0x0000000718400000| Untracked 
|  13|0x0000000718600000, 0x0000000718800000, 0x0000000718800000|100%| O|  |TAMS 0x0000000718800000, 0x0000000718600000| Untracked 
|  14|0x0000000718800000, 0x0000000718a00000, 0x0000000718a00000|100%| O|  |TAMS 0x0000000718800000, 0x0000000718800000| Untracked 
|  15|0x0000000718a00000, 0x0000000718c00000, 0x0000000718c00000|100%| O|  |TAMS 0x0000000718a00000, 0x0000000718a00000| Untracked 
|  16|0x0000000718c00000, 0x0000000718e00000, 0x0000000718e00000|100%| O|  |TAMS 0x0000000718c00000, 0x0000000718c00000| Untracked 
|  17|0x0000000718e00000, 0x0000000719000000, 0x0000000719000000|100%| O|  |TAMS 0x0000000718e00000, 0x0000000718e00000| Untracked 
|  18|0x0000000719000000, 0x0000000719200000, 0x0000000719200000|100%| O|  |TAMS 0x0000000719000000, 0x0000000719000000| Untracked 
|  19|0x0000000719200000, 0x0000000719400000, 0x0000000719400000|100%| O|  |TAMS 0x0000000719200000, 0x0000000719200000| Untracked 
|  20|0x0000000719400000, 0x0000000719600000, 0x0000000719600000|100%| O|  |TAMS 0x0000000719400000, 0x0000000719400000| Untracked 
|  21|0x0000000719600000, 0x0000000719800000, 0x0000000719800000|100%| O|  |TAMS 0x0000000719600000, 0x0000000719600000| Untracked 
|  22|0x0000000719800000, 0x00000007198c4c00, 0x0000000719a00000| 38%| O|  |TAMS 0x0000000719800000, 0x0000000719800000| Untracked 
|  23|0x0000000719a00000, 0x0000000719a00000, 0x0000000719c00000|  0%| F|  |TAMS 0x0000000719a00000, 0x0000000719a00000| Untracked 
|  24|0x0000000719c00000, 0x0000000719c00000, 0x0000000719e00000|  0%| F|  |TAMS 0x0000000719c00000, 0x0000000719c00000| Untracked 
|  25|0x0000000719e00000, 0x0000000719e00000, 0x000000071a000000|  0%| F|  |TAMS 0x0000000719e00000, 0x0000000719e00000| Untracked 
|  26|0x000000071a000000, 0x000000071a000000, 0x000000071a200000|  0%| F|  |TAMS 0x000000071a000000, 0x000000071a000000| Untracked 
|  27|0x000000071a200000, 0x000000071a200000, 0x000000071a400000|  0%| F|  |TAMS 0x000000071a200000, 0x000000071a200000| Untracked 
|  28|0x000000071a400000, 0x000000071a400000, 0x000000071a600000|  0%| F|  |TAMS 0x000000071a400000, 0x000000071a400000| Untracked 
|  29|0x000000071a600000, 0x000000071a600000, 0x000000071a800000|  0%| F|  |TAMS 0x000000071a600000, 0x000000071a600000| Untracked 
|  30|0x000000071a800000, 0x000000071a800000, 0x000000071aa00000|  0%| F|  |TAMS 0x000000071a800000, 0x000000071a800000| Untracked 
|  31|0x000000071aa00000, 0x000000071aa00000, 0x000000071ac00000|  0%| F|  |TAMS 0x000000071aa00000, 0x000000071aa00000| Untracked 
|  32|0x000000071ac00000, 0x000000071aca1690, 0x000000071ae00000| 31%| S|CS|TAMS 0x000000071ac00000, 0x000000071ac00000| Complete 
|  33|0x000000071ae00000, 0x000000071ae00000, 0x000000071b000000|  0%| F|  |TAMS 0x000000071ae00000, 0x000000071ae00000| Untracked 
|  34|0x000000071b000000, 0x000000071b200000, 0x000000071b200000|100%| S|CS|TAMS 0x000000071b000000, 0x000000071b000000| Complete 
|  35|0x000000071b200000, 0x000000071b200000, 0x000000071b400000|  0%| F|  |TAMS 0x000000071b200000, 0x000000071b200000| Untracked 
|  36|0x000000071b400000, 0x000000071b400000, 0x000000071b600000|  0%| F|  |TAMS 0x000000071b400000, 0x000000071b400000| Untracked 
|  37|0x000000071b600000, 0x000000071b600000, 0x000000071b800000|  0%| F|  |TAMS 0x000000071b600000, 0x000000071b600000| Untracked 
|  38|0x000000071b800000, 0x000000071b800000, 0x000000071ba00000|  0%| F|  |TAMS 0x000000071b800000, 0x000000071b800000| Untracked 
|  39|0x000000071ba00000, 0x000000071ba00000, 0x000000071bc00000|  0%| F|  |TAMS 0x000000071ba00000, 0x000000071ba00000| Untracked 
|  40|0x000000071bc00000, 0x000000071bc00000, 0x000000071be00000|  0%| F|  |TAMS 0x000000071bc00000, 0x000000071bc00000| Untracked 
|  41|0x000000071be00000, 0x000000071be00000, 0x000000071c000000|  0%| F|  |TAMS 0x000000071be00000, 0x000000071be00000| Untracked 
|  42|0x000000071c000000, 0x000000071c000000, 0x000000071c200000|  0%| F|  |TAMS 0x000000071c000000, 0x000000071c000000| Untracked 
|  43|0x000000071c200000, 0x000000071c200000, 0x000000071c400000|  0%| F|  |TAMS 0x000000071c200000, 0x000000071c200000| Untracked 
|  44|0x000000071c400000, 0x000000071c400000, 0x000000071c600000|  0%| F|  |TAMS 0x000000071c400000, 0x000000071c400000| Untracked 
|  45|0x000000071c600000, 0x000000071c600000, 0x000000071c800000|  0%| F|  |TAMS 0x000000071c600000, 0x000000071c600000| Untracked 
|  46|0x000000071c800000, 0x000000071c800000, 0x000000071ca00000|  0%| F|  |TAMS 0x000000071c800000, 0x000000071c800000| Untracked 
|  47|0x000000071ca00000, 0x000000071ca00000, 0x000000071cc00000|  0%| F|  |TAMS 0x000000071ca00000, 0x000000071ca00000| Untracked 
|  48|0x000000071cc00000, 0x000000071cc00000, 0x000000071ce00000|  0%| F|  |TAMS 0x000000071cc00000, 0x000000071cc00000| Untracked 
|  49|0x000000071ce00000, 0x000000071ce00000, 0x000000071d000000|  0%| F|  |TAMS 0x000000071ce00000, 0x000000071ce00000| Untracked 
|  50|0x000000071d000000, 0x000000071d000000, 0x000000071d200000|  0%| F|  |TAMS 0x000000071d000000, 0x000000071d000000| Untracked 
|  51|0x000000071d200000, 0x000000071d200000, 0x000000071d400000|  0%| F|  |TAMS 0x000000071d200000, 0x000000071d200000| Untracked 
|  52|0x000000071d400000, 0x000000071d400000, 0x000000071d600000|  0%| F|  |TAMS 0x000000071d400000, 0x000000071d400000| Untracked 
|  53|0x000000071d600000, 0x000000071d600000, 0x000000071d800000|  0%| F|  |TAMS 0x000000071d600000, 0x000000071d600000| Untracked 
|  54|0x000000071d800000, 0x000000071d800000, 0x000000071da00000|  0%| F|  |TAMS 0x000000071d800000, 0x000000071d800000| Untracked 
|  55|0x000000071da00000, 0x000000071da00000, 0x000000071dc00000|  0%| F|  |TAMS 0x000000071da00000, 0x000000071da00000| Untracked 
|  56|0x000000071dc00000, 0x000000071dc00000, 0x000000071de00000|  0%| F|  |TAMS 0x000000071dc00000, 0x000000071dc00000| Untracked 
|  57|0x000000071de00000, 0x000000071de00000, 0x000000071e000000|  0%| F|  |TAMS 0x000000071de00000, 0x000000071de00000| Untracked 
|  58|0x000000071e000000, 0x000000071e000000, 0x000000071e200000|  0%| F|  |TAMS 0x000000071e000000, 0x000000071e000000| Untracked 
|  59|0x000000071e200000, 0x000000071e200000, 0x000000071e400000|  0%| F|  |TAMS 0x000000071e200000, 0x000000071e200000| Untracked 
|  60|0x000000071e400000, 0x000000071e400000, 0x000000071e600000|  0%| F|  |TAMS 0x000000071e400000, 0x000000071e400000| Untracked 
|  61|0x000000071e600000, 0x000000071e600000, 0x000000071e800000|  0%| F|  |TAMS 0x000000071e600000, 0x000000071e600000| Untracked 
|  62|0x000000071e800000, 0x000000071e800000, 0x000000071ea00000|  0%| F|  |TAMS 0x000000071e800000, 0x000000071e800000| Untracked 
|  63|0x000000071ea00000, 0x000000071ea00000, 0x000000071ec00000|  0%| F|  |TAMS 0x000000071ea00000, 0x000000071ea00000| Untracked 
|  64|0x000000071ec00000, 0x000000071ec00000, 0x000000071ee00000|  0%| F|  |TAMS 0x000000071ec00000, 0x000000071ec00000| Untracked 
|  65|0x000000071ee00000, 0x000000071ee00000, 0x000000071f000000|  0%| F|  |TAMS 0x000000071ee00000, 0x000000071ee00000| Untracked 
|  66|0x000000071f000000, 0x000000071f000000, 0x000000071f200000|  0%| F|  |TAMS 0x000000071f000000, 0x000000071f000000| Untracked 
|  67|0x000000071f200000, 0x000000071f200000, 0x000000071f400000|  0%| F|  |TAMS 0x000000071f200000, 0x000000071f200000| Untracked 
|  68|0x000000071f400000, 0x000000071f400000, 0x000000071f600000|  0%| F|  |TAMS 0x000000071f400000, 0x000000071f400000| Untracked 
|  69|0x000000071f600000, 0x000000071f600000, 0x000000071f800000|  0%| F|  |TAMS 0x000000071f600000, 0x000000071f600000| Untracked 
|  70|0x000000071f800000, 0x000000071f800000, 0x000000071fa00000|  0%| F|  |TAMS 0x000000071f800000, 0x000000071f800000| Untracked 
|  71|0x000000071fa00000, 0x000000071fa00000, 0x000000071fc00000|  0%| F|  |TAMS 0x000000071fa00000, 0x000000071fa00000| Untracked 
|  72|0x000000071fc00000, 0x000000071fc00000, 0x000000071fe00000|  0%| F|  |TAMS 0x000000071fc00000, 0x000000071fc00000| Untracked 
|  73|0x000000071fe00000, 0x000000071ffe9678, 0x0000000720000000| 95%| E|  |TAMS 0x000000071fe00000, 0x000000071fe00000| Complete 
|  74|0x0000000720000000, 0x0000000720200000, 0x0000000720200000|100%| E|CS|TAMS 0x0000000720000000, 0x0000000720000000| Complete 
|  75|0x0000000720200000, 0x0000000720400000, 0x0000000720400000|100%| E|CS|TAMS 0x0000000720200000, 0x0000000720200000| Complete 
|  97|0x0000000722e00000, 0x0000000723000000, 0x0000000723000000|100%| E|CS|TAMS 0x0000000722e00000, 0x0000000722e00000| Complete 
|  98|0x0000000723000000, 0x0000000723200000, 0x0000000723200000|100%| E|CS|TAMS 0x0000000723000000, 0x0000000723000000| Complete 
|  99|0x0000000723200000, 0x0000000723400000, 0x0000000723400000|100%| E|CS|TAMS 0x0000000723200000, 0x0000000723200000| Complete 
| 100|0x0000000723400000, 0x0000000723600000, 0x0000000723600000|100%| E|CS|TAMS 0x0000000723400000, 0x0000000723400000| Complete 
| 116|0x0000000725400000, 0x0000000725600000, 0x0000000725600000|100%| E|CS|TAMS 0x0000000725400000, 0x0000000725400000| Complete 

Card table byte_map: [0x00007f7c413ad000,0x00007f7c41af7000] _byte_map_base: 0x00007f7c3daf7000

Marking Bits (Prev, Next): (CMBitMap*) 0x00007f7c3c0904e0, (CMBitMap*) 0x00007f7c3c090520
 Prev Bits: [0x00007f7c25f4b000, 0x00007f7c2999b000)
 Next Bits: [0x00007f7c224fb000, 0x00007f7c25f4b000)

Polling page: 0x00007f7c44083000

Metaspace:

Usage:
  Non-class:     69.04 MB used.
      Class:      9.22 MB used.
       Both:     78.26 MB used.

Virtual space:
  Non-class space:       72.00 MB reserved,      69.38 MB ( 96%) committed,  9 nodes.
      Class space:        1.00 GB reserved,       9.56 MB ( <1%) committed,  1 nodes.
             Both:        1.07 GB reserved,      78.94 MB (  7%) committed. 

Chunk freelists:
   Non-Class:  1.81 MB
       Class:  2.49 MB
        Both:  4.30 MB

MaxMetaspaceSize: unlimited
CompressedClassSpaceSize: 1.00 GB
Initial GC threshold: 21.00 MB
Current GC threshold: 103.38 MB
CDS: off
MetaspaceReclaimPolicy: balanced
 - commit_granule_bytes: 65536.
 - commit_granule_words: 8192.
 - virtual_space_node_default_size: 1048576.
 - enlarge_chunks_in_place: 1.
 - new_chunks_are_fully_committed: 0.
 - uncommit_free_chunks: 1.
 - use_allocation_guard: 0.
 - handle_deallocations: 1.


Internal statistics:

num_allocs_failed_limit: 14.
num_arena_births: 1146.
num_arena_deaths: 0.
num_vsnodes_births: 10.
num_vsnodes_deaths: 0.
num_space_committed: 1263.
num_space_uncommitted: 0.
num_chunks_returned_to_freelist: 14.
num_chunks_taken_from_freelist: 3915.
num_chunk_merges: 14.
num_chunk_splits: 2554.
num_chunks_enlarged: 1707.
num_purges: 0.
num_inconsistent_stats: 0.

CodeHeap 'non-profiled nmethods': size=120032Kb used=10014Kb max_used=10597Kb free=110017Kb
 bounds [0x00007f7c31463000, 0x00007f7c31ec3000, 0x00007f7c3899b000]
CodeHeap 'profiled nmethods': size=120028Kb used=18836Kb max_used=18964Kb free=101191Kb
 bounds [0x00007f7c29f2c000, 0x00007f7c2b1bc000, 0x00007f7c31463000]
CodeHeap 'non-nmethods': size=5700Kb used=1372Kb max_used=1444Kb free=4328Kb
 bounds [0x00007f7c2999b000, 0x00007f7c29c0b000, 0x00007f7c29f2c000]
 total_blobs=11502 nmethods=10857 adapters=558
 compilation: enabled
              stopped_count=0, restarted_count=0
 full_count=0

Compilation events (20 events):
Event: 1600.506 Thread 0x00007f7c3c200da0 14724   !   3       sun.nio.ch.IOUtil::readIntoNativeBuffer (173 bytes)
Event: 1600.509 Thread 0x00007f7c3c200da0 nmethod 14724 0x00007f7c2adbe090 code [0x00007f7c2adbe360, 0x00007f7c2adbf170]
Event: 1600.509 Thread 0x00007f7c3c200da0 14735       3       com.fasterxml.jackson.databind.DeserializationConfig::isEnabled (18 bytes)
Event: 1600.512 Thread 0x00007f7c3c200da0 nmethod 14735 0x00007f7c2adbdc90 code [0x00007f7c2adbde40, 0x00007f7c2adbdfd0]
Event: 1600.512 Thread 0x00007f7c3c200da0 14723       3       org.springframework.web.util.UrlPathHelper::getLookupPathForRequest (27 bytes)
Event: 1600.513 Thread 0x00007f7c3c200da0 nmethod 14723 0x00007f7c2adbd590 code [0x00007f7c2adbd760, 0x00007f7c2adbdb30]
Event: 1600.513 Thread 0x00007f7c3c200da0 14725       3       org.apache.tomcat.util.buf.MessageBytes::setChars (31 bytes)
Event: 1600.513 Thread 0x00007f7c3c200da0 nmethod 14725 0x00007f7c2adbd110 code [0x00007f7c2adbd2c0, 0x00007f7c2adbd4b0]
Event: 1600.513 Thread 0x00007f7c3c200da0 14726       3       org.apache.tomcat.util.buf.CharChunk::setChars (31 bytes)
Event: 1600.515 Thread 0x00007f7c3c200da0 nmethod 14726 0x00007f7c2adbcd90 code [0x00007f7c2adbcf20, 0x00007f7c2adbd090]
Event: 1600.515 Thread 0x00007f7c3c200da0 14727       3       org.springframework.web.util.UrlPathHelper::removeSemicolonContentInternal (75 bytes)
Event: 1600.518 Thread 0x00007f7c3c200da0 nmethod 14727 0x00007f7c2adbb590 code [0x00007f7c2adbb8a0, 0x00007f7c2adbc7e0]
Event: 1600.518 Thread 0x00007f7c3c200da0 14734       3       org.springframework.web.util.UrlPathHelper::getContextPath (42 bytes)
Event: 1600.519 Thread 0x00007f7c3c200da0 nmethod 14734 0x00007f7c2adbac90 code [0x00007f7c2adbae80, 0x00007f7c2adbb3f0]
Event: 1600.519 Thread 0x00007f7c3c200da0 14733       3       com.mysql.cj.protocol.a.NativeProtocol::versionMeetsMinimum (21 bytes)
Event: 1600.519 Thread 0x00007f7c3c200da0 nmethod 14733 0x00007f7c2adba590 code [0x00007f7c2adba760, 0x00007f7c2adbaad0]
Event: 1600.527 Thread 0x00007f7c3c200da0 14736       3       org.springframework.http.converter.AbstractHttpMessageConverter::canRead (22 bytes)
Event: 1600.527 Thread 0x00007f7c3c200da0 nmethod 14736 0x00007f7c2adb9f90 code [0x00007f7c2adba140, 0x00007f7c2adba470]
Event: 1600.554 Thread 0x00007f7c3c200da0 14737       2       org.hibernate.event.service.internal.EventListenerGroupImpl::fireEventOnEachListener (37 bytes)
Event: 1600.555 Thread 0x00007f7c3c200da0 nmethod 14737 0x00007f7c2adb9a90 code [0x00007f7c2adb9c40, 0x00007f7c2adb9e20]

GC Heap History (20 events):
Event: 509.542 GC heap before
{Heap before GC invocations=45 (full 0):
 garbage-first heap   total 165888K, used 140380K [0x0000000716c00000, 0x0000000800000000)
  region size 2048K, 47 young (96256K), 3 survivors (6144K)
 Metaspace       used 78607K, committed 79168K, reserved 1122304K
  class space    used 9311K, committed 9600K, reserved 1048576K
}
Event: 509.553 GC heap after
{Heap after GC invocations=46 (full 0):
 garbage-first heap   total 165888K, used 51225K [0x0000000716c00000, 0x0000000800000000)
  region size 2048K, 4 young (8192K), 4 survivors (8192K)
 Metaspace       used 78607K, committed 79168K, reserved 1122304K
  class space    used 9311K, committed 9600K, reserved 1048576K
}
Event: 511.168 GC heap before
{Heap before GC invocations=46 (full 0):
 garbage-first heap   total 165888K, used 137241K [0x0000000716c00000, 0x0000000800000000)
  region size 2048K, 46 young (94208K), 4 survivors (8192K)
 Metaspace       used 78667K, committed 79168K, reserved 1122304K
  class space    used 9316K, committed 9600K, reserved 1048576K
}
Event: 511.180 GC heap after
{Heap after GC invocations=47 (full 0):
 garbage-first heap   total 165888K, used 48631K [0x0000000716c00000, 0x0000000800000000)
  region size 2048K, 2 young (4096K), 2 survivors (4096K)
 Metaspace       used 78667K, committed 79168K, reserved 1122304K
  class space    used 9316K, committed 9600K, reserved 1048576K
}
Event: 513.562 GC heap before
{Heap before GC invocations=47 (full 0):
 garbage-first heap   total 165888K, used 142839K [0x0000000716c00000, 0x0000000800000000)
  region size 2048K, 48 young (98304K), 2 survivors (4096K)
 Metaspace       used 78667K, committed 79168K, reserved 1122304K
  class space    used 9316K, committed 9600K, reserved 1048576K
}
Event: 513.571 GC heap after
{Heap after GC invocations=48 (full 0):
 garbage-first heap   total 165888K, used 49050K [0x0000000716c00000, 0x0000000800000000)
  region size 2048K, 3 young (6144K), 3 survivors (6144K)
 Metaspace       used 78667K, committed 79168K, reserved 1122304K
  class space    used 9316K, committed 9600K, reserved 1048576K
}
Event: 551.676 GC heap before
{Heap before GC invocations=48 (full 0):
 garbage-first heap   total 165888K, used 139162K [0x0000000716c00000, 0x0000000800000000)
  region size 2048K, 47 young (96256K), 3 survivors (6144K)
 Metaspace       used 78776K, committed 79296K, reserved 1122304K
  class space    used 9316K, committed 9600K, reserved 1048576K
}
Event: 551.681 GC heap after
{Heap after GC invocations=49 (full 0):
 garbage-first heap   total 165888K, used 46199K [0x0000000716c00000, 0x0000000800000000)
  region size 2048K, 1 young (2048K), 1 survivors (2048K)
 Metaspace       used 78776K, committed 79296K, reserved 1122304K
  class space    used 9316K, committed 9600K, reserved 1048576K
}
Event: 553.772 GC heap before
{Heap before GC invocations=49 (full 0):
 garbage-first heap   total 165888K, used 142455K [0x0000000716c00000, 0x0000000800000000)
  region size 2048K, 48 young (98304K), 1 survivors (2048K)
 Metaspace       used 78776K, committed 79296K, reserved 1122304K
  class space    used 9316K, committed 9600K, reserved 1048576K
}
Event: 553.778 GC heap after
{Heap after GC invocations=50 (full 0):
 garbage-first heap   total 165888K, used 46874K [0x0000000716c00000, 0x0000000800000000)
  region size 2048K, 1 young (2048K), 1 survivors (2048K)
 Metaspace       used 78776K, committed 79296K, reserved 1122304K
  class space    used 9316K, committed 9600K, reserved 1048576K
}
Event: 555.600 GC heap before
{Heap before GC invocations=50 (full 0):
 garbage-first heap   total 165888K, used 143130K [0x0000000716c00000, 0x0000000800000000)
  region size 2048K, 48 young (98304K), 1 survivors (2048K)
 Metaspace       used 78776K, committed 79296K, reserved 1122304K
  class space    used 9316K, committed 9600K, reserved 1048576K
}
Event: 555.605 GC heap after
{Heap after GC invocations=51 (full 0):
 garbage-first heap   total 165888K, used 47518K [0x0000000716c00000, 0x0000000800000000)
  region size 2048K, 1 young (2048K), 1 survivors (2048K)
 Metaspace       used 78776K, committed 79296K, reserved 1122304K
  class space    used 9316K, committed 9600K, reserved 1048576K
}
Event: 557.663 GC heap before
{Heap before GC invocations=51 (full 0):
 garbage-first heap   total 165888K, used 143774K [0x0000000716c00000, 0x0000000800000000)
  region size 2048K, 48 young (98304K), 1 survivors (2048K)
 Metaspace       used 78776K, committed 79296K, reserved 1122304K
  class space    used 9316K, committed 9600K, reserved 1048576K
}
Event: 557.668 GC heap after
{Heap after GC invocations=52 (full 0):
 garbage-first heap   total 165888K, used 48255K [0x0000000716c00000, 0x0000000800000000)
  region size 2048K, 2 young (4096K), 2 survivors (4096K)
 Metaspace       used 78776K, committed 79296K, reserved 1122304K
  class space    used 9316K, committed 9600K, reserved 1048576K
}
Event: 559.513 GC heap before
{Heap before GC invocations=52 (full 0):
 garbage-first heap   total 165888K, used 140415K [0x0000000716c00000, 0x0000000800000000)
  region size 2048K, 47 young (96256K), 2 survivors (4096K)
 Metaspace       used 78776K, committed 79296K, reserved 1122304K
  class space    used 9316K, committed 9600K, reserved 1048576K
}
Event: 559.519 GC heap after
{Heap after GC invocations=53 (full 0):
 garbage-first heap   total 165888K, used 48905K [0x0000000716c00000, 0x0000000800000000)
  region size 2048K, 2 young (4096K), 2 survivors (4096K)
 Metaspace       used 78776K, committed 79296K, reserved 1122304K
  class space    used 9316K, committed 9600K, reserved 1048576K
}
Event: 658.118 GC heap before
{Heap before GC invocations=53 (full 0):
 garbage-first heap   total 165888K, used 141065K [0x0000000716c00000, 0x0000000800000000)
  region size 2048K, 47 young (96256K), 2 survivors (4096K)
 Metaspace       used 79169K, committed 79680K, reserved 1122304K
  class space    used 9343K, committed 9600K, reserved 1048576K
}
Event: 658.134 GC heap after
{Heap after GC invocations=54 (full 0):
 garbage-first heap   total 165888K, used 47254K [0x0000000716c00000, 0x0000000800000000)
  region size 2048K, 1 young (2048K), 1 survivors (2048K)
 Metaspace       used 79169K, committed 79680K, reserved 1122304K
  class space    used 9343K, committed 9600K, reserved 1048576K
}
Event: 883.591 GC heap before
{Heap before GC invocations=54 (full 0):
 garbage-first heap   total 165888K, used 141462K [0x0000000716c00000, 0x0000000800000000)
  region size 2048K, 47 young (96256K), 1 survivors (2048K)
 Metaspace       used 80012K, committed 80704K, reserved 1122304K
  class space    used 9443K, committed 9792K, reserved 1048576K
}
Event: 883.632 GC heap after
{Heap after GC invocations=55 (full 0):
 garbage-first heap   total 165888K, used 48307K [0x0000000716c00000, 0x0000000800000000)
  region size 2048K, 2 young (4096K), 2 survivors (4096K)
 Metaspace       used 80012K, committed 80704K, reserved 1122304K
  class space    used 9443K, committed 9792K, reserved 1048576K
}

Dll operation events (11 events):
Event: 0.005 Loaded shared library /snap/eclipse/67/plugins/org.eclipse.justj.openjdk.hotspot.jre.full.linux.x86_64_17.0.5.v20221102-0933/jre/lib/libjava.so
Event: 0.579 Loaded shared library /snap/eclipse/67/plugins/org.eclipse.justj.openjdk.hotspot.jre.full.linux.x86_64_17.0.5.v20221102-0933/jre/lib/libzip.so
Event: 0.584 Loaded shared library /snap/eclipse/67/plugins/org.eclipse.justj.openjdk.hotspot.jre.full.linux.x86_64_17.0.5.v20221102-0933/jre/lib/libinstrument.so
Event: 0.614 Loaded shared library /snap/eclipse/67/plugins/org.eclipse.justj.openjdk.hotspot.jre.full.linux.x86_64_17.0.5.v20221102-0933/jre/lib/libnio.so
Event: 0.640 Loaded shared library /snap/eclipse/67/plugins/org.eclipse.justj.openjdk.hotspot.jre.full.linux.x86_64_17.0.5.v20221102-0933/jre/lib/libzip.so
Event: 0.934 Loaded shared library /snap/eclipse/67/plugins/org.eclipse.justj.openjdk.hotspot.jre.full.linux.x86_64_17.0.5.v20221102-0933/jre/lib/libjimage.so
Event: 1.155 Loaded shared library /snap/eclipse/67/plugins/org.eclipse.justj.openjdk.hotspot.jre.full.linux.x86_64_17.0.5.v20221102-0933/jre/lib/libverify.so
Event: 1.449 Loaded shared library /snap/eclipse/67/plugins/org.eclipse.justj.openjdk.hotspot.jre.full.linux.x86_64_17.0.5.v20221102-0933/jre/lib/libnet.so
Event: 2.452 Loaded shared library /snap/eclipse/67/plugins/org.eclipse.justj.openjdk.hotspot.jre.full.linux.x86_64_17.0.5.v20221102-0933/jre/lib/libmanagement.so
Event: 2.455 Loaded shared library /snap/eclipse/67/plugins/org.eclipse.justj.openjdk.hotspot.jre.full.linux.x86_64_17.0.5.v20221102-0933/jre/lib/libmanagement_ext.so
Event: 10.498 Loaded shared library /snap/eclipse/67/plugins/org.eclipse.justj.openjdk.hotspot.jre.full.linux.x86_64_17.0.5.v20221102-0933/jre/lib/libextnet.so

Deoptimization events (20 events):
Event: 1598.340 Thread 0x00007f7c3d89a990 Uncommon trap: trap_request=0xffffff97 fr.pc=0x00007f7c3184ee30 relative=0x0000000000005710
Event: 1598.340 Thread 0x00007f7c3d89a990 Uncommon trap: reason=unhandled action=none pc=0x00007f7c3184ee30 method=java.lang.Class.getMethod(Ljava/lang/String;[Ljava/lang/Class;)Ljava/lang/reflect/Method; @ 49 c2
Event: 1598.340 Thread 0x00007f7c3d89a990 DEOPT PACKING pc=0x00007f7c3184ee30 sp=0x00007f7bb1bfa140
Event: 1598.340 Thread 0x00007f7c3d89a990 DEOPT UNPACKING pc=0x00007f7c299ed099 sp=0x00007f7bb1bfa198 mode 2
Event: 1598.343 Thread 0x00007f7c3d89a990 Uncommon trap: trap_request=0xffffffc6 fr.pc=0x00007f7c31b90e8c relative=0x000000000000224c
Event: 1598.343 Thread 0x00007f7c3d89a990 Uncommon trap: reason=bimorphic_or_optimized_type_check action=maybe_recompile pc=0x00007f7c31b90e8c method=org.hibernate.type.descriptor.sql.BasicBinder.bind(Ljava/sql/PreparedStatement;Ljava/lang/Object;ILorg/hibernate/type/descriptor/WrapperOptions;)V 
Event: 1598.343 Thread 0x00007f7c3d89a990 DEOPT PACKING pc=0x00007f7c31b90e8c sp=0x00007f7bb1bf9590
Event: 1598.343 Thread 0x00007f7c3d89a990 DEOPT UNPACKING pc=0x00007f7c299ed099 sp=0x00007f7bb1bf9590 mode 2
Event: 1598.343 Thread 0x00007f7c3d89a990 Uncommon trap: trap_request=0xffffffc6 fr.pc=0x00007f7c31a4638c relative=0x00000000000005cc
Event: 1598.343 Thread 0x00007f7c3d89a990 Uncommon trap: reason=bimorphic_or_optimized_type_check action=maybe_recompile pc=0x00007f7c31a4638c method=org.hibernate.type.descriptor.java.AbstractTypeDescriptor.extractLoggableRepresentation(Ljava/lang/Object;)Ljava/lang/String; @ 10 c2
Event: 1598.343 Thread 0x00007f7c3d89a990 DEOPT PACKING pc=0x00007f7c31a4638c sp=0x00007f7bb1bf9510
Event: 1598.343 Thread 0x00007f7c3d89a990 DEOPT UNPACKING pc=0x00007f7c299ed099 sp=0x00007f7bb1bf9520 mode 2
Event: 1600.507 Thread 0x00007f7c3d8981b0 DEOPT PACKING pc=0x00007f7c2abf694c sp=0x00007f7bb1dfacc0
Event: 1600.507 Thread 0x00007f7c3d8981b0 DEOPT UNPACKING pc=0x00007f7c299ed82f sp=0x00007f7bb1dfa230 mode 1
Event: 1600.507 Thread 0x00007f7c3d8981b0 DEOPT PACKING pc=0x00007f7c2aca555c sp=0x00007f7bb1dfadd0
Event: 1600.507 Thread 0x00007f7c3d8981b0 DEOPT UNPACKING pc=0x00007f7c299ed82f sp=0x00007f7bb1dfa340 mode 1
Event: 1600.526 Thread 0x00007f7c3d8995a0 DEOPT PACKING pc=0x00007f7c2abf694c sp=0x00007f7bb1cfacc0
Event: 1600.526 Thread 0x00007f7c3d8995a0 DEOPT UNPACKING pc=0x00007f7c299ed82f sp=0x00007f7bb1cfa230 mode 1
Event: 1600.526 Thread 0x00007f7c3d8995a0 DEOPT PACKING pc=0x00007f7c2aca555c sp=0x00007f7bb1cfadd0
Event: 1600.526 Thread 0x00007f7c3d8995a0 DEOPT UNPACKING pc=0x00007f7c299ed82f sp=0x00007f7bb1cfa340 mode 1

Classes unloaded (0 events):
No events

Classes redefined (1 events):
Event: 1577.253 Thread 0x00007f7c3c1818d0 redefined class name=com.ravish.bms.service.MenuService, count=1

Internal exceptions (20 events):
Event: 485.143 Thread 0x00007f7c3d896dc0 Implicit null exception at 0x00007f7c31ba040f to 0x00007f7c31ba07ac
Event: 485.167 Thread 0x00007f7c3d896dc0 Implicit null exception at 0x00007f7c31b9fdb0 to 0x00007f7c31b9ff04
Event: 496.775 Thread 0x00007f7c3d892f90 Implicit null exception at 0x00007f7c318f6f2b to 0x00007f7c318f8868
Event: 496.776 Thread 0x00007f7c3d892f90 Implicit null exception at 0x00007f7c31a452f3 to 0x00007f7c31a4a084
Event: 496.776 Thread 0x00007f7c3d892f90 Implicit null exception at 0x00007f7c318f1b46 to 0x00007f7c318f33d0
Event: 499.126 Thread 0x00007f7c3d8981b0 Implicit null exception at 0x00007f7c31d66f3a to 0x00007f7c31d68698
Event: 501.193 Thread 0x00007f7c3d8981b0 Implicit null exception at 0x00007f7c31d6c779 to 0x00007f7c31d6de58
Event: 510.015 Thread 0x00007f7c3d89a990 Implicit null exception at 0x00007f7c31d71328 to 0x00007f7c31d77148
Event: 510.031 Thread 0x00007f7c3d89a990 Implicit null exception at 0x00007f7c31ccc169 to 0x00007f7c31ccd290
Event: 510.032 Thread 0x00007f7c3d89a990 Implicit null exception at 0x00007f7c31d20927 to 0x00007f7c31d21618
Event: 510.803 Thread 0x00007f7c3d892f90 Exception <a 'java/io/IOException'{0x000000071c8e6c08}> (0x000000071c8e6c08) 
thrown [src/hotspot/share/prims/jni.cpp, line 516]
Event: 510.811 Thread 0x00007f7c3d892f90 Exception <a 'java/io/IOException'{0x000000071c9188d8}> (0x000000071c9188d8) 
thrown [src/hotspot/share/prims/jni.cpp, line 516]
Event: 510.812 Thread 0x00007f7c3d892f90 Exception <a 'java/io/IOException'{0x000000071c9192a0}> (0x000000071c9192a0) 
thrown [src/hotspot/share/prims/jni.cpp, line 516]
Event: 546.591 Thread 0x00007f7c3d894440 Implicit null exception at 0x00007f7c31df18e5 to 0x00007f7c31df1e4c
Event: 657.285 Thread 0x00007f7c3d894440 Implicit null exception at 0x00007f7c31dab388 to 0x00007f7c31dad128
Event: 657.293 Thread 0x00007f7c3d894440 Implicit null exception at 0x00007f7c31e7d118 to 0x00007f7c31e7d278
Event: 657.314 Thread 0x00007f7c3d894440 Implicit null exception at 0x00007f7c31497fd7 to 0x00007f7c31498584
Event: 657.314 Thread 0x00007f7c3d89a990 Implicit null exception at 0x00007f7c314bd2d7 to 0x00007f7c314bd874
Event: 669.412 Thread 0x00007f7c3d8995a0 Exception <a 'java/lang/NoSuchMethodError'{0x000000071fef7978}: 'void java.lang.invoke.DirectMethodHandle$Holder.invokeStaticInit(java.lang.Object, java.lang.Object, java.lang.Object, java.lang.Object)'> (0x000000071fef7978) 
thrown [src/hotspot/share/interpreter/linkResolver.cpp, line 758]
Event: 1588.402 Thread 0x00007f7c3d894440 Implicit null exception at 0x00007f7c31dfc060 to 0x00007f7c31dfc428

VM Operations (20 events):
Event: 1419.732 Executing VM operation: Cleanup
Event: 1419.732 Executing VM operation: Cleanup done
Event: 1577.177 Executing VM operation: RedefineClasses
Event: 1577.330 Executing VM operation: RedefineClasses done
Event: 1585.850 Executing VM operation: HandshakeAllThreads
Event: 1585.851 Executing VM operation: HandshakeAllThreads done
Event: 1585.851 Executing VM operation: Cleanup
Event: 1585.855 Executing VM operation: Cleanup done
Event: 1586.855 Executing VM operation: Cleanup
Event: 1586.856 Executing VM operation: Cleanup done
Event: 1588.856 Executing VM operation: Cleanup
Event: 1588.856 Executing VM operation: Cleanup done
Event: 1589.856 Executing VM operation: Cleanup
Event: 1589.856 Executing VM operation: Cleanup done
Event: 1592.856 Executing VM operation: Cleanup
Event: 1592.857 Executing VM operation: Cleanup done
Event: 1595.857 Executing VM operation: Cleanup
Event: 1595.857 Executing VM operation: Cleanup done
Event: 1598.857 Executing VM operation: Cleanup
Event: 1598.857 Executing VM operation: Cleanup done

Events (20 events):
Event: 1585.859 Thread 0x00007f7c3c202230 flushing nmethod 0x00007f7c3180d490
Event: 1585.859 Thread 0x00007f7c3c202230 flushing nmethod 0x00007f7c3180e910
Event: 1585.859 Thread 0x00007f7c3c202230 flushing nmethod 0x00007f7c3188a210
Event: 1585.860 Thread 0x00007f7c3c202230 flushing nmethod 0x00007f7c319ad790
Event: 1585.862 Thread 0x00007f7c3c202230 flushing nmethod 0x00007f7c31abc490
Event: 1585.862 Thread 0x00007f7c3c202230 flushing nmethod 0x00007f7c31aed310
Event: 1585.862 Thread 0x00007f7c3c202230 flushing nmethod 0x00007f7c31af6a10
Event: 1585.862 Thread 0x00007f7c3c202230 flushing nmethod 0x00007f7c31b40110
Event: 1585.863 Thread 0x00007f7c3c202230 flushing nmethod 0x00007f7c31b7f510
Event: 1585.863 Thread 0x00007f7c3c202230 flushing nmethod 0x00007f7c31bdca10
Event: 1585.863 Thread 0x00007f7c3c202230 flushing nmethod 0x00007f7c31bfe510
Event: 1585.864 Thread 0x00007f7c3c202230 flushing nmethod 0x00007f7c31ce5c10
Event: 1585.864 Thread 0x00007f7c3c202230 flushing nmethod 0x00007f7c31d36f10
Event: 1585.864 Thread 0x00007f7c3c202230 flushing nmethod 0x00007f7c31d48710
Event: 1585.864 Thread 0x00007f7c3c202230 flushing nmethod 0x00007f7c31d89d90
Event: 1585.864 Thread 0x00007f7c3c202230 flushing nmethod 0x00007f7c31e07c10
Event: 1585.864 Thread 0x00007f7c3c202230 flushing nmethod 0x00007f7c31e2ec90
Event: 1585.865 Thread 0x00007f7c3c202230 flushing nmethod 0x00007f7c31e7ce90
Event: 1585.865 Thread 0x00007f7c3c202230 flushing nmethod 0x00007f7c31ea2290
Event: 1585.865 Thread 0x00007f7c3c202230 flushing nmethod 0x00007f7c31eabc90


Dynamic libraries:
716c00000-720400000 rw-p 00000000 00:00 0 
720400000-722e00000 ---p 00000000 00:00 0 
722e00000-723600000 rw-p 00000000 00:00 0 
723600000-725400000 ---p 00000000 00:00 0 
725400000-725600000 rw-p 00000000 00:00 0 
725600000-800000000 ---p 00000000 00:00 0 
800000000-800010000 rw-p 00000000 00:00 0 
800010000-800030000 rw-p 00000000 00:00 0 
800030000-8000d0000 rw-p 00000000 00:00 0 
8000d0000-800130000 rw-p 00000000 00:00 0 
800130000-8001b0000 rw-p 00000000 00:00 0 
8001b0000-8001f0000 rw-p 00000000 00:00 0 
8001f0000-800430000 rw-p 00000000 00:00 0 
800430000-800470000 rw-p 00000000 00:00 0 
800470000-800850000 rw-p 00000000 00:00 0 
800850000-800870000 rw-p 00000000 00:00 0 
800870000-800990000 rw-p 00000000 00:00 0 
800990000-840000000 ---p 00000000 00:00 0 
55ce8396d000-55ce8396e000 r--p 00000000 07:07 932                        /snap/eclipse/67/plugins/org.eclipse.justj.openjdk.hotspot.jre.full.linux.x86_64_17.0.5.v20221102-0933/jre/bin/java
55ce8396e000-55ce8396f000 r-xp 00001000 07:07 932                        /snap/eclipse/67/plugins/org.eclipse.justj.openjdk.hotspot.jre.full.linux.x86_64_17.0.5.v20221102-0933/jre/bin/java
55ce8396f000-55ce83970000 r--p 00002000 07:07 932                        /snap/eclipse/67/plugins/org.eclipse.justj.openjdk.hotspot.jre.full.linux.x86_64_17.0.5.v20221102-0933/jre/bin/java
55ce83970000-55ce83971000 r--p 00002000 07:07 932                        /snap/eclipse/67/plugins/org.eclipse.justj.openjdk.hotspot.jre.full.linux.x86_64_17.0.5.v20221102-0933/jre/bin/java
55ce83971000-55ce83972000 rw-p 00003000 07:07 932                        /snap/eclipse/67/plugins/org.eclipse.justj.openjdk.hotspot.jre.full.linux.x86_64_17.0.5.v20221102-0933/jre/bin/java
55ce83d82000-55ce83e5c000 rw-p 00000000 00:00 0                          [heap]
7f7ba0000000-7f7ba074e000 rw-p 00000000 00:00 0 
7f7ba074e000-7f7ba4000000 ---p 00000000 00:00 0 
7f7ba4000000-7f7ba42d4000 rw-p 00000000 00:00 0 
7f7ba42d4000-7f7ba8000000 ---p 00000000 00:00 0 
7f7ba8000000-7f7ba809d000 rw-p 00000000 00:00 0 
7f7ba809d000-7f7bac000000 ---p 00000000 00:00 0 
7f7bac000000-7f7bac236000 rw-p 00000000 00:00 0 
7f7bac236000-7f7bb0000000 ---p 00000000 00:00 0 
7f7bb0b00000-7f7bb0b04000 ---p 00000000 00:00 0 
7f7bb0b04000-7f7bb0c00000 rw-p 00000000 00:00 0 
7f7bb0c00000-7f7bb0c04000 ---p 00000000 00:00 0 
7f7bb0c04000-7f7bb0d00000 rw-p 00000000 00:00 0 
7f7bb0d00000-7f7bb0d04000 ---p 00000000 00:00 0 
7f7bb0d04000-7f7bb0e00000 rw-p 00000000 00:00 0 
7f7bb0e00000-7f7bb0e04000 ---p 00000000 00:00 0 
7f7bb0e04000-7f7bb0f00000 rw-p 00000000 00:00 0 
7f7bb0f00000-7f7bb0f04000 ---p 00000000 00:00 0 
7f7bb0f04000-7f7bb1170000 rw-p 00000000 00:00 0 
7f7bb1170000-7f7bb11f0000 rw-p 00000000 00:00 0 
7f7bb11f0000-7f7bb14f0000 rw-p 00000000 00:00 0 
7f7bb14f0000-7f7bb1530000 rw-p 00000000 00:00 0 
7f7bb1530000-7f7bb1600000 ---p 00000000 00:00 0 
7f7bb1600000-7f7bb1630000 rw-p 00000000 00:00 0 
7f7bb1630000-7f7bb1800000 ---p 00000000 00:00 0 
7f7bb1800000-7f7bb1804000 ---p 00000000 00:00 0 
7f7bb1804000-7f7bb1900000 rw-p 00000000 00:00 0 
7f7bb1900000-7f7bb1904000 ---p 00000000 00:00 0 
7f7bb1904000-7f7bb1a00000 rw-p 00000000 00:00 0 
7f7bb1a00000-7f7bb1a04000 ---p 00000000 00:00 0 
7f7bb1a04000-7f7bb1b00000 rw-p 00000000 00:00 0 
7f7bb1b00000-7f7bb1b04000 ---p 00000000 00:00 0 
7f7bb1b04000-7f7bb1c00000 rw-p 00000000 00:00 0 
7f7bb1c00000-7f7bb1c04000 ---p 00000000 00:00 0 
7f7bb1c04000-7f7bb1d00000 rw-p 00000000 00:00 0 
7f7bb1d00000-7f7bb1d04000 ---p 00000000 00:00 0 
7f7bb1d04000-7f7bb1e00000 rw-p 00000000 00:00 0 
7f7bb1e00000-7f7bb1e04000 ---p 00000000 00:00 0 
7f7bb1e04000-7f7bb1f00000 rw-p 00000000 00:00 0 
7f7bb1f00000-7f7bb1f04000 ---p 00000000 00:00 0 
7f7bb1f04000-7f7bb2000000 rw-p 00000000 00:00 0 
7f7bb2000000-7f7bb2004000 ---p 00000000 00:00 0 
7f7bb2004000-7f7bb2100000 rw-p 00000000 00:00 0 
7f7bb2100000-7f7bb2104000 ---p 00000000 00:00 0 
7f7bb2104000-7f7bb2200000 rw-p 00000000 00:00 0 
7f7bb2200000-7f7bb2204000 ---p 00000000 00:00 0 
7f7bb2204000-7f7bb2300000 rw-p 00000000 00:00 0 
7f7bb2300000-7f7bb2304000 ---p 00000000 00:00 0 
7f7bb2304000-7f7bb29d0000 rw-p 00000000 00:00 0 
7f7bb29d0000-7f7bb2c00000 rw-p 00000000 00:00 0 
7f7bb2c00000-7f7bb2c04000 ---p 00000000 00:00 0 
7f7bb2c04000-7f7bb2d00000 rw-p 00000000 00:00 0 
7f7bb2d00000-7f7bb2d04000 ---p 00000000 00:00 0 
7f7bb2d04000-7f7bb2e00000 rw-p 00000000 00:00 0 
7f7bb2e00000-7f7bb2e04000 ---p 00000000 00:00 0 
7f7bb2e04000-7f7bb2f00000 rw-p 00000000 00:00 0 
7f7bb2f00000-7f7bb2f04000 ---p 00000000 00:00 0 
7f7bb2f04000-7f7bb34f0000 rw-p 00000000 00:00 0 
7f7bb34f0000-7f7bb35f0000 rw-p 00000000 00:00 0 
7f7bb35f0000-7f7bb37f0000 rw-p 00000000 00:00 0 
7f7bb37f0000-7f7bb3df0000 rw-p 00000000 00:00 0 
7f7bb3df0000-7f7bb4000000 rw-p 00000000 00:00 0 
7f7bb4000000-7f7bb40ac000 rw-p 00000000 00:00 0 
7f7bb40ac000-7f7bb8000000 ---p 00000000 00:00 0 
7f7bb8000000-7f7bb83ee000 rw-p 00000000 00:00 0 
7f7bb83ee000-7f7bbc000000 ---p 00000000 00:00 0 
7f7bbc000000-7f7bbc07a000 rw-p 00000000 00:00 0 
7f7bbc07a000-7f7bc0000000 ---p 00000000 00:00 0 
7f7bc0000000-7f7bc00a8000 rw-p 00000000 00:00 0 
7f7bc00a8000-7f7bc4000000 ---p 00000000 00:00 0 
7f7bc4000000-7f7bc61ab000 rw-p 00000000 00:00 0 
7f7bc61ab000-7f7bc8000000 ---p 00000000 00:00 0 
7f7bc8000000-7f7bc80a0000 rw-p 00000000 00:00 0 
7f7bc80a0000-7f7bcc000000 ---p 00000000 00:00 0 
7f7bcc000000-7f7bcd61b000 rw-p 00000000 00:00 0 
7f7bcd61b000-7f7bd0000000 ---p 00000000 00:00 0 
7f7bd0000000-7f7bd0021000 rw-p 00000000 00:00 0 
7f7bd0021000-7f7bd4000000 ---p 00000000 00:00 0 
7f7bd4000000-7f7bd4021000 rw-p 00000000 00:00 0 
7f7bd4021000-7f7bd8000000 ---p 00000000 00:00 0 
7f7bd8000000-7f7bd8021000 rw-p 00000000 00:00 0 
7f7bd8021000-7f7bdc000000 ---p 00000000 00:00 0 
7f7bdc000000-7f7bdc021000 rw-p 00000000 00:00 0 
7f7bdc021000-7f7be0000000 ---p 00000000 00:00 0 
7f7be0000000-7f7be0064000 rw-p 00000000 00:00 0 
7f7be0064000-7f7be4000000 ---p 00000000 00:00 0 
7f7be4000000-7f7be4d1e000 rw-p 00000000 00:00 0 
7f7be4d1e000-7f7be8000000 ---p 00000000 00:00 0 
7f7be8000000-7f7be8055000 rw-p 00000000 00:00 0 
7f7be8055000-7f7bec000000 ---p 00000000 00:00 0 
7f7bec000000-7f7bec4c7000 rw-p 00000000 00:00 0 
7f7bec4c7000-7f7bf0000000 ---p 00000000 00:00 0 
7f7bf0000000-7f7bf2240000 rw-p 00000000 00:00 0 
7f7bf2240000-7f7bf4000000 ---p 00000000 00:00 0 
7f7bf4000000-7f7bf55db000 rw-p 00000000 00:00 0 
7f7bf55db000-7f7bf8000000 ---p 00000000 00:00 0 
7f7bf8000000-7f7bf93e9000 rw-p 00000000 00:00 0 
7f7bf93e9000-7f7bfc000000 ---p 00000000 00:00 0 
7f7bfc000000-7f7bfc7af000 rw-p 00000000 00:00 0 
7f7bfc7af000-7f7c00000000 ---p 00000000 00:00 0 
7f7c00000000-7f7c00021000 rw-p 00000000 00:00 0 
7f7c00021000-7f7c04000000 ---p 00000000 00:00 0 
7f7c04000000-7f7c04c63000 rw-p 00000000 00:00 0 
7f7c04c63000-7f7c08000000 ---p 00000000 00:00 0 
7f7c08000000-7f7c082f0000 rw-p 00000000 00:00 0 
7f7c082f0000-7f7c087f0000 rw-p 00000000 00:00 0 
7f7c087f0000-7f7c089f0000 rw-p 00000000 00:00 0 
7f7c089f0000-7f7c08ff0000 rw-p 00000000 00:00 0 
7f7c08ff0000-7f7c092f0000 rw-p 00000000 00:00 0 
7f7c092f0000-7f7c093f0000 rw-p 00000000 00:00 0 
7f7c093f0000-7f7c09800000 rw-p 00000000 00:00 0 
7f7c098f6000-7f7c098fa000 ---p 00000000 00:00 0 
7f7c098fa000-7f7c099f6000 rw-p 00000000 00:00 0 
7f7c099f6000-7f7c099fa000 ---p 00000000 00:00 0 
7f7c099fa000-7f7c09af6000 rw-p 00000000 00:00 0 
7f7c09af6000-7f7c09af7000 ---p 00000000 00:00 0 
7f7c09af7000-7f7c09bf8000 rw-p 00000000 00:00 0 
7f7c09bf8000-7f7c09bf9000 ---p 00000000 00:00 0 
7f7c09bf9000-7f7c09cfa000 rw-p 00000000 00:00 0 
7f7c09cfa000-7f7c09cfb000 ---p 00000000 00:00 0 
7f7c09cfb000-7f7c09dfc000 rw-p 00000000 00:00 0 
7f7c09dfc000-7f7c09dfd000 ---p 00000000 00:00 0 
7f7c09dfd000-7f7c09efe000 rw-p 00000000 00:00 0 
7f7c09efe000-7f7c09eff000 ---p 00000000 00:00 0 
7f7c09eff000-7f7c0a0f0000 rw-p 00000000 00:00 0 
7f7c0a0f0000-7f7c0a2f0000 rw-p 00000000 00:00 0 
7f7c0a2f0000-7f7c0a4f0000 rw-p 00000000 00:00 0 
7f7c0a4f0000-7f7c0a6f0000 rw-p 00000000 00:00 0 
7f7c0a6f0000-7f7c0a800000 rw-p 00000000 00:00 0 
7f7c0a800000-7f7c0a804000 ---p 00000000 00:00 0 
7f7c0a804000-7f7c0a900000 rw-p 00000000 00:00 0 
7f7c0a900000-7f7c0a904000 ---p 00000000 00:00 0 
7f7c0a904000-7f7c0aa00000 rw-p 00000000 00:00 0 
7f7c0aa00000-7f7c0aa04000 ---p 00000000 00:00 0 
7f7c0aa04000-7f7c0ab00000 rw-p 00000000 00:00 0 
7f7c0ab00000-7f7c0ab04000 ---p 00000000 00:00 0 
7f7c0ab04000-7f7c0ac00000 rw-p 00000000 00:00 0 
7f7c0ac00000-7f7c0ac04000 ---p 00000000 00:00 0 
7f7c0ac04000-7f7c0ad00000 rw-p 00000000 00:00 0 
7f7c0ad00000-7f7c0ad04000 ---p 00000000 00:00 0 
7f7c0ad04000-7f7c0ae00000 rw-p 00000000 00:00 0 
7f7c0ae00000-7f7c0ae04000 ---p 00000000 00:00 0 
7f7c0ae04000-7f7c0af00000 rw-p 00000000 00:00 0 
7f7c0af00000-7f7c0af04000 ---p 00000000 00:00 0 
7f7c0af04000-7f7c0b000000 rw-p 00000000 00:00 0 
7f7c0b000000-7f7c0b004000 ---p 00000000 00:00 0 
7f7c0b004000-7f7c0b100000 rw-p 00000000 00:00 0 
7f7c0b100000-7f7c0b104000 ---p 00000000 00:00 0 
7f7c0b104000-7f7c0b200000 rw-p 00000000 00:00 0 
7f7c0b200000-7f7c0b773000 r--p 00000000 08:05 10882144                   /usr/lib/locale/locale-archive
7f7c0b800000-7f7c0bcf0000 rw-p 00000000 00:00 0 
7f7c0bcf0000-7f7c0bd10000 rw-p 00000000 00:00 0 
7f7c0bd10000-7f7c0bd30000 rw-p 00000000 00:00 0 
7f7c0bd30000-7f7c0bd70000 rw-p 00000000 00:00 0 
7f7c0bd70000-7f7c0c000000 rw-p 00000000 00:00 0 
7f7c0c000000-7f7c0c7f4000 rw-p 00000000 00:00 0 
7f7c0c7f4000-7f7c10000000 ---p 00000000 00:00 0 
7f7c10000000-7f7c10a39000 rw-p 00000000 00:00 0 
7f7c10a39000-7f7c14000000 ---p 00000000 00:00 0 
7f7c14000000-7f7c14d77000 rw-p 00000000 00:00 0 
7f7c14d77000-7f7c18000000 ---p 00000000 00:00 0 
7f7c18000000-7f7c185c2000 rw-p 00000000 00:00 0 
7f7c185c2000-7f7c1c000000 ---p 00000000 00:00 0 
7f7c1c000000-7f7c1c6cc000 rw-p 00000000 00:00 0 
7f7c1c6cc000-7f7c20000000 ---p 00000000 00:00 0 
7f7c200fb000-7f7c200ff000 ---p 00000000 00:00 0 
7f7c200ff000-7f7c201fb000 rw-p 00000000 00:00 0 
7f7c201fb000-7f7c201ff000 ---p 00000000 00:00 0 
7f7c201ff000-7f7c202fb000 rw-p 00000000 00:00 0 
7f7c202fb000-7f7c202ff000 ---p 00000000 00:00 0 
7f7c202ff000-7f7c203fb000 rw-p 00000000 00:00 0 
7f7c203fb000-7f7c203ff000 ---p 00000000 00:00 0 
7f7c203ff000-7f7c2275b000 rw-p 00000000 00:00 0 
7f7c2275b000-7f7c22803000 ---p 00000000 00:00 0 
7f7c22803000-7f7c22823000 rw-p 00000000 00:00 0 
7f7c22823000-7f7c2289b000 ---p 00000000 00:00 0 
7f7c2289b000-7f7c228a3000 rw-p 00000000 00:00 0 
7f7c228a3000-7f7c25f4b000 ---p 00000000 00:00 0 
7f7c25f4b000-7f7c261ab000 rw-p 00000000 00:00 0 
7f7c261ab000-7f7c26253000 ---p 00000000 00:00 0 
7f7c26253000-7f7c26273000 rw-p 00000000 00:00 0 
7f7c26273000-7f7c262eb000 ---p 00000000 00:00 0 
7f7c262eb000-7f7c262f3000 rw-p 00000000 00:00 0 
7f7c262f3000-7f7c2999b000 ---p 00000000 00:00 0 
7f7c2999b000-7f7c29c0b000 rwxp 00000000 00:00 0 
7f7c29c0b000-7f7c29f2c000 ---p 00000000 00:00 0 
7f7c29f2c000-7f7c2b1bc000 rwxp 00000000 00:00 0 
7f7c2b1bc000-7f7c31463000 ---p 00000000 00:00 0 
7f7c31463000-7f7c31ec3000 rwxp 00000000 00:00 0 
7f7c31ec3000-7f7c3899b000 ---p 00000000 00:00 0 
7f7c3899b000-7f7c3bffa000 r--s 00000000 07:07 1339                       /snap/eclipse/67/plugins/org.eclipse.justj.openjdk.hotspot.jre.full.linux.x86_64_17.0.5.v20221102-0933/jre/lib/modules
7f7c3c000000-7f7c3e82b000 rw-p 00000000 00:00 0 
7f7c3e82b000-7f7c40000000 ---p 00000000 00:00 0 
7f7c4006b000-7f7c4006c000 r--p 00000000 07:07 1310                       /snap/eclipse/67/plugins/org.eclipse.justj.openjdk.hotspot.jre.full.linux.x86_64_17.0.5.v20221102-0933/jre/lib/libextnet.so
7f7c4006c000-7f7c4006d000 r-xp 00001000 07:07 1310                       /snap/eclipse/67/plugins/org.eclipse.justj.openjdk.hotspot.jre.full.linux.x86_64_17.0.5.v20221102-0933/jre/lib/libextnet.so
7f7c4006d000-7f7c4006e000 r--p 00002000 07:07 1310                       /snap/eclipse/67/plugins/org.eclipse.justj.openjdk.hotspot.jre.full.linux.x86_64_17.0.5.v20221102-0933/jre/lib/libextnet.so
7f7c4006e000-7f7c4006f000 r--p 00002000 07:07 1310                       /snap/eclipse/67/plugins/org.eclipse.justj.openjdk.hotspot.jre.full.linux.x86_64_17.0.5.v20221102-0933/jre/lib/libextnet.so
7f7c4006f000-7f7c40070000 rw-p 00003000 07:07 1310                       /snap/eclipse/67/plugins/org.eclipse.justj.openjdk.hotspot.jre.full.linux.x86_64_17.0.5.v20221102-0933/jre/lib/libextnet.so
7f7c40073000-7f7c40075000 r--p 00000000 07:07 1328                       /snap/eclipse/67/plugins/org.eclipse.justj.openjdk.hotspot.jre.full.linux.x86_64_17.0.5.v20221102-0933/jre/lib/libmanagement_ext.so
7f7c40075000-7f7c40078000 r-xp 00002000 07:07 1328                       /snap/eclipse/67/plugins/org.eclipse.justj.openjdk.hotspot.jre.full.linux.x86_64_17.0.5.v20221102-0933/jre/lib/libmanagement_ext.so
7f7c40078000-7f7c40079000 r--p 00005000 07:07 1328                       /snap/eclipse/67/plugins/org.eclipse.justj.openjdk.hotspot.jre.full.linux.x86_64_17.0.5.v20221102-0933/jre/lib/libmanagement_ext.so
7f7c40079000-7f7c4007a000 ---p 00006000 07:07 1328                       /snap/eclipse/67/plugins/org.eclipse.justj.openjdk.hotspot.jre.full.linux.x86_64_17.0.5.v20221102-0933/jre/lib/libmanagement_ext.so
7f7c4007a000-7f7c4007b000 r--p 00006000 07:07 1328                       /snap/eclipse/67/plugins/org.eclipse.justj.openjdk.hotspot.jre.full.linux.x86_64_17.0.5.v20221102-0933/jre/lib/libmanagement_ext.so
7f7c4007b000-7f7c4007c000 rw-p 00007000 07:07 1328                       /snap/eclipse/67/plugins/org.eclipse.justj.openjdk.hotspot.jre.full.linux.x86_64_17.0.5.v20221102-0933/jre/lib/libmanagement_ext.so
7f7c40083000-7f7c40086000 r--p 00000000 07:07 1326                       /snap/eclipse/67/plugins/org.eclipse.justj.openjdk.hotspot.jre.full.linux.x86_64_17.0.5.v20221102-0933/jre/lib/libmanagement.so
7f7c40086000-7f7c40087000 r-xp 00003000 07:07 1326                       /snap/eclipse/67/plugins/org.eclipse.justj.openjdk.hotspot.jre.full.linux.x86_64_17.0.5.v20221102-0933/jre/lib/libmanagement.so
7f7c40087000-7f7c40088000 r--p 00004000 07:07 1326                       /snap/eclipse/67/plugins/org.eclipse.justj.openjdk.hotspot.jre.full.linux.x86_64_17.0.5.v20221102-0933/jre/lib/libmanagement.so
7f7c40088000-7f7c40089000 r--p 00004000 07:07 1326                       /snap/eclipse/67/plugins/org.eclipse.justj.openjdk.hotspot.jre.full.linux.x86_64_17.0.5.v20221102-0933/jre/lib/libmanagement.so
7f7c40089000-7f7c4008a000 rw-p 00005000 07:07 1326                       /snap/eclipse/67/plugins/org.eclipse.justj.openjdk.hotspot.jre.full.linux.x86_64_17.0.5.v20221102-0933/jre/lib/libmanagement.so
7f7c4008b000-7f7c4008f000 r--p 00000000 07:07 1337                       /snap/eclipse/67/plugins/org.eclipse.justj.openjdk.hotspot.jre.full.linux.x86_64_17.0.5.v20221102-0933/jre/lib/libverify.so
7f7c4008f000-7f7c40096000 r-xp 00004000 07:07 1337                       /snap/eclipse/67/plugins/org.eclipse.justj.openjdk.hotspot.jre.full.linux.x86_64_17.0.5.v20221102-0933/jre/lib/libverify.so
7f7c40096000-7f7c40098000 r--p 0000b000 07:07 1337                       /snap/eclipse/67/plugins/org.eclipse.justj.openjdk.hotspot.jre.full.linux.x86_64_17.0.5.v20221102-0933/jre/lib/libverify.so
7f7c40098000-7f7c4009a000 r--p 0000c000 07:07 1337                       /snap/eclipse/67/plugins/org.eclipse.justj.openjdk.hotspot.jre.full.linux.x86_64_17.0.5.v20221102-0933/jre/lib/libverify.so
7f7c4009a000-7f7c4009b000 rw-p 0000e000 07:07 1337                       /snap/eclipse/67/plugins/org.eclipse.justj.openjdk.hotspot.jre.full.linux.x86_64_17.0.5.v20221102-0933/jre/lib/libverify.so
7f7c4009b000-7f7c4009f000 r--p 00000000 07:07 1330                       /snap/eclipse/67/plugins/org.eclipse.justj.openjdk.hotspot.jre.full.linux.x86_64_17.0.5.v20221102-0933/jre/lib/libnet.so
7f7c4009f000-7f7c400ad000 r-xp 00004000 07:07 1330                       /snap/eclipse/67/plugins/org.eclipse.justj.openjdk.hotspot.jre.full.linux.x86_64_17.0.5.v20221102-0933/jre/lib/libnet.so
7f7c400ad000-7f7c400b1000 r--p 00012000 07:07 1330                       /snap/eclipse/67/plugins/org.eclipse.justj.openjdk.hotspot.jre.full.linux.x86_64_17.0.5.v20221102-0933/jre/lib/libnet.so
7f7c400b1000-7f7c400b2000 r--p 00015000 07:07 1330                       /snap/eclipse/67/plugins/org.eclipse.justj.openjdk.hotspot.jre.full.linux.x86_64_17.0.5.v20221102-0933/jre/lib/libnet.so
7f7c400b2000-7f7c400b3000 rw-p 00016000 07:07 1330                       /snap/eclipse/67/plugins/org.eclipse.justj.openjdk.hotspot.jre.full.linux.x86_64_17.0.5.v20221102-0933/jre/lib/libnet.so
7f7c400b3000-7f7c400ba000 r--p 00000000 07:07 1331                       /snap/eclipse/67/plugins/org.eclipse.justj.openjdk.hotspot.jre.full.linux.x86_64_17.0.5.v20221102-0933/jre/lib/libnio.so
7f7c400ba000-7f7c400c3000 r-xp 00007000 07:07 1331                       /snap/eclipse/67/plugins/org.eclipse.justj.openjdk.hotspot.jre.full.linux.x86_64_17.0.5.v20221102-0933/jre/lib/libnio.so
7f7c400c3000-7f7c400c7000 r--p 00010000 07:07 1331                       /snap/eclipse/67/plugins/org.eclipse.justj.openjdk.hotspot.jre.full.linux.x86_64_17.0.5.v20221102-0933/jre/lib/libnio.so
7f7c400c7000-7f7c400c8000 ---p 00014000 07:07 1331                       /snap/eclipse/67/plugins/org.eclipse.justj.openjdk.hotspot.jre.full.linux.x86_64_17.0.5.v20221102-0933/jre/lib/libnio.so
7f7c400c8000-7f7c400c9000 r--p 00014000 07:07 1331                       /snap/eclipse/67/plugins/org.eclipse.justj.openjdk.hotspot.jre.full.linux.x86_64_17.0.5.v20221102-0933/jre/lib/libnio.so
7f7c400c9000-7f7c400ca000 rw-p 00015000 07:07 1331                       /snap/eclipse/67/plugins/org.eclipse.justj.openjdk.hotspot.jre.full.linux.x86_64_17.0.5.v20221102-0933/jre/lib/libnio.so
7f7c400cb000-7f7c400cd000 r--p 00000000 07:07 1309                       /snap/eclipse/67/plugins/org.eclipse.justj.openjdk.hotspot.jre.full.linux.x86_64_17.0.5.v20221102-0933/jre/lib/libdt_socket.so
7f7c400cd000-7f7c400d0000 r-xp 00002000 07:07 1309                       /snap/eclipse/67/plugins/org.eclipse.justj.openjdk.hotspot.jre.full.linux.x86_64_17.0.5.v20221102-0933/jre/lib/libdt_socket.so
7f7c400d0000-7f7c400d1000 r--p 00005000 07:07 1309                       /snap/eclipse/67/plugins/org.eclipse.justj.openjdk.hotspot.jre.full.linux.x86_64_17.0.5.v20221102-0933/jre/lib/libdt_socket.so
7f7c400d1000-7f7c400d2000 ---p 00006000 07:07 1309                       /snap/eclipse/67/plugins/org.eclipse.justj.openjdk.hotspot.jre.full.linux.x86_64_17.0.5.v20221102-0933/jre/lib/libdt_socket.so
7f7c400d2000-7f7c400d3000 r--p 00006000 07:07 1309                       /snap/eclipse/67/plugins/org.eclipse.justj.openjdk.hotspot.jre.full.linux.x86_64_17.0.5.v20221102-0933/jre/lib/libdt_socket.so
7f7c400d3000-7f7c400d4000 rw-p 00007000 07:07 1309                       /snap/eclipse/67/plugins/org.eclipse.justj.openjdk.hotspot.jre.full.linux.x86_64_17.0.5.v20221102-0933/jre/lib/libdt_socket.so
7f7c400db000-7f7c400e2000 r--s 00000000 08:05 11536963                   /usr/lib/x86_64-linux-gnu/gconv/gconv-modules.cache
7f7c400e9000-7f7c400ea000 ---p 00000000 00:00 0 
7f7c400ea000-7f7c401eb000 rw-p 00000000 00:00 0 
7f7c401eb000-7f7c401ed000 r--p 00000000 07:07 1338                       /snap/eclipse/67/plugins/org.eclipse.justj.openjdk.hotspot.jre.full.linux.x86_64_17.0.5.v20221102-0933/jre/lib/libzip.so
7f7c401ed000-7f7c401f1000 r-xp 00002000 07:07 1338                       /snap/eclipse/67/plugins/org.eclipse.justj.openjdk.hotspot.jre.full.linux.x86_64_17.0.5.v20221102-0933/jre/lib/libzip.so
7f7c401f1000-7f7c401f3000 r--p 00006000 07:07 1338                       /snap/eclipse/67/plugins/org.eclipse.justj.openjdk.hotspot.jre.full.linux.x86_64_17.0.5.v20221102-0933/jre/lib/libzip.so
7f7c401f3000-7f7c401f4000 r--p 00007000 07:07 1338                       /snap/eclipse/67/plugins/org.eclipse.justj.openjdk.hotspot.jre.full.linux.x86_64_17.0.5.v20221102-0933/jre/lib/libzip.so
7f7c401f4000-7f7c401f5000 rw-p 00008000 07:07 1338                       /snap/eclipse/67/plugins/org.eclipse.justj.openjdk.hotspot.jre.full.linux.x86_64_17.0.5.v20221102-0933/jre/lib/libzip.so
7f7c401fa000-7f7c40317000 rw-p 00000000 00:00 0 
7f7c40317000-7f7c40318000 ---p 00000000 00:00 0 
7f7c40318000-7f7c40419000 rw-p 00000000 00:00 0 
7f7c40419000-7f7c4041a000 ---p 00000000 00:00 0 
7f7c4041a000-7f7c4091f000 rw-p 00000000 00:00 0 
7f7c4091f000-7f7c40920000 ---p 00000000 00:00 0 
7f7c40920000-7f7c40a21000 rw-p 00000000 00:00 0 
7f7c40a21000-7f7c40a22000 ---p 00000000 00:00 0 
7f7c40a22000-7f7c40b23000 rw-p 00000000 00:00 0 
7f7c40b23000-7f7c40b24000 ---p 00000000 00:00 0 
7f7c40b24000-7f7c40caf000 rw-p 00000000 00:00 0 
7f7c40caf000-7f7c40cc4000 ---p 00000000 00:00 0 
7f7c40cc4000-7f7c40cc8000 rw-p 00000000 00:00 0 
7f7c40cc8000-7f7c40cd7000 ---p 00000000 00:00 0 
7f7c40cd7000-7f7c40cd8000 rw-p 00000000 00:00 0 
7f7c40cd8000-7f7c413ad000 ---p 00000000 00:00 0 
7f7c413ad000-7f7c413f9000 rw-p 00000000 00:00 0 
7f7c413f9000-7f7c4140e000 ---p 00000000 00:00 0 
7f7c4140e000-7f7c41412000 rw-p 00000000 00:00 0 
7f7c41412000-7f7c41421000 ---p 00000000 00:00 0 
7f7c41421000-7f7c41422000 rw-p 00000000 00:00 0 
7f7c41422000-7f7c41af7000 ---p 00000000 00:00 0 
7f7c41af7000-7f7c41b43000 rw-p 00000000 00:00 0 
7f7c41b43000-7f7c41b58000 ---p 00000000 00:00 0 
7f7c41b58000-7f7c41b5c000 rw-p 00000000 00:00 0 
7f7c41b5c000-7f7c41b6b000 ---p 00000000 00:00 0 
7f7c41b6b000-7f7c41b6c000 rw-p 00000000 00:00 0 
7f7c41b6c000-7f7c42241000 ---p 00000000 00:00 0 
7f7c42241000-7f7c4265a000 rw-p 00000000 00:00 0 
7f7c4265a000-7f7c42730000 ---p 00000000 00:00 0 
7f7c42730000-7f7c42756000 rw-p 00000000 00:00 0 
7f7c42756000-7f7c4281b000 ---p 00000000 00:00 0 
7f7c4281b000-7f7c4281d000 r--p 00000000 07:07 1312                       /snap/eclipse/67/plugins/org.eclipse.justj.openjdk.hotspot.jre.full.linux.x86_64_17.0.5.v20221102-0933/jre/lib/libinstrument.so
7f7c4281d000-7f7c42823000 r-xp 00002000 07:07 1312                       /snap/eclipse/67/plugins/org.eclipse.justj.openjdk.hotspot.jre.full.linux.x86_64_17.0.5.v20221102-0933/jre/lib/libinstrument.so
7f7c42823000-7f7c42826000 r--p 00008000 07:07 1312                       /snap/eclipse/67/plugins/org.eclipse.justj.openjdk.hotspot.jre.full.linux.x86_64_17.0.5.v20221102-0933/jre/lib/libinstrument.so
7f7c42826000-7f7c42827000 r--p 0000a000 07:07 1312                       /snap/eclipse/67/plugins/org.eclipse.justj.openjdk.hotspot.jre.full.linux.x86_64_17.0.5.v20221102-0933/jre/lib/libinstrument.so
7f7c42827000-7f7c42828000 rw-p 0000b000 07:07 1312                       /snap/eclipse/67/plugins/org.eclipse.justj.openjdk.hotspot.jre.full.linux.x86_64_17.0.5.v20221102-0933/jre/lib/libinstrument.so
7f7c4282b000-7f7c42838000 r--p 00000000 07:07 1317                       /snap/eclipse/67/plugins/org.eclipse.justj.openjdk.hotspot.jre.full.linux.x86_64_17.0.5.v20221102-0933/jre/lib/libjava.so
7f7c42838000-7f7c4284a000 r-xp 0000d000 07:07 1317                       /snap/eclipse/67/plugins/org.eclipse.justj.openjdk.hotspot.jre.full.linux.x86_64_17.0.5.v20221102-0933/jre/lib/libjava.so
7f7c4284a000-7f7c42850000 r--p 0001f000 07:07 1317                       /snap/eclipse/67/plugins/org.eclipse.justj.openjdk.hotspot.jre.full.linux.x86_64_17.0.5.v20221102-0933/jre/lib/libjava.so
7f7c42850000-7f7c42851000 ---p 00025000 07:07 1317                       /snap/eclipse/67/plugins/org.eclipse.justj.openjdk.hotspot.jre.full.linux.x86_64_17.0.5.v20221102-0933/jre/lib/libjava.so
7f7c42851000-7f7c42852000 r--p 00025000 07:07 1317                       /snap/eclipse/67/plugins/org.eclipse.justj.openjdk.hotspot.jre.full.linux.x86_64_17.0.5.v20221102-0933/jre/lib/libjava.so
7f7c42852000-7f7c42853000 rw-p 00026000 07:07 1317                       /snap/eclipse/67/plugins/org.eclipse.justj.openjdk.hotspot.jre.full.linux.x86_64_17.0.5.v20221102-0933/jre/lib/libjava.so
7f7c42853000-7f7c42854000 rw-p 00000000 00:00 0 
7f7c4285b000-7f7c4285e000 r--p 00000000 07:07 1320                       /snap/eclipse/67/plugins/org.eclipse.justj.openjdk.hotspot.jre.full.linux.x86_64_17.0.5.v20221102-0933/jre/lib/libjdwp.so
7f7c4285e000-7f7c4288b000 r-xp 00003000 07:07 1320                       /snap/eclipse/67/plugins/org.eclipse.justj.openjdk.hotspot.jre.full.linux.x86_64_17.0.5.v20221102-0933/jre/lib/libjdwp.so
7f7c4288b000-7f7c42899000 r--p 00030000 07:07 1320                       /snap/eclipse/67/plugins/org.eclipse.justj.openjdk.hotspot.jre.full.linux.x86_64_17.0.5.v20221102-0933/jre/lib/libjdwp.so
7f7c42899000-7f7c4289a000 r--p 0003d000 07:07 1320                       /snap/eclipse/67/plugins/org.eclipse.justj.openjdk.hotspot.jre.full.linux.x86_64_17.0.5.v20221102-0933/jre/lib/libjdwp.so
7f7c4289a000-7f7c4289b000 rw-p 0003e000 07:07 1320                       /snap/eclipse/67/plugins/org.eclipse.justj.openjdk.hotspot.jre.full.linux.x86_64_17.0.5.v20221102-0933/jre/lib/libjdwp.so
7f7c4289b000-7f7c4289c000 rw-p 00000000 00:00 0 
7f7c428a3000-7f7c428a7000 r--p 00000000 07:07 1321                       /snap/eclipse/67/plugins/org.eclipse.justj.openjdk.hotspot.jre.full.linux.x86_64_17.0.5.v20221102-0933/jre/lib/libjimage.so
7f7c428a7000-7f7c428ba000 r-xp 00004000 07:07 1321                       /snap/eclipse/67/plugins/org.eclipse.justj.openjdk.hotspot.jre.full.linux.x86_64_17.0.5.v20221102-0933/jre/lib/libjimage.so
7f7c428ba000-7f7c428c0000 r--p 00017000 07:07 1321                       /snap/eclipse/67/plugins/org.eclipse.justj.openjdk.hotspot.jre.full.linux.x86_64_17.0.5.v20221102-0933/jre/lib/libjimage.so
7f7c428c0000-7f7c428c2000 r--p 0001c000 07:07 1321                       /snap/eclipse/67/plugins/org.eclipse.justj.openjdk.hotspot.jre.full.linux.x86_64_17.0.5.v20221102-0933/jre/lib/libjimage.so
7f7c428c2000-7f7c428c3000 rw-p 0001e000 07:07 1321                       /snap/eclipse/67/plugins/org.eclipse.justj.openjdk.hotspot.jre.full.linux.x86_64_17.0.5.v20221102-0933/jre/lib/libjimage.so
7f7c428c3000-7f7c428c7000 ---p 00000000 00:00 0 
7f7c428c7000-7f7c429c3000 rw-p 00000000 00:00 0 
7f7c429c3000-7f7c429d1000 r--p 00000000 08:05 10883942                   /usr/lib/x86_64-linux-gnu/libm.so.6
7f7c429d1000-7f7c42a4d000 r-xp 0000e000 08:05 10883942                   /usr/lib/x86_64-linux-gnu/libm.so.6
7f7c42a4d000-7f7c42aa8000 r--p 0008a000 08:05 10883942                   /usr/lib/x86_64-linux-gnu/libm.so.6
7f7c42aa8000-7f7c42aa9000 r--p 000e4000 08:05 10883942                   /usr/lib/x86_64-linux-gnu/libm.so.6
7f7c42aa9000-7f7c42aaa000 rw-p 000e5000 08:05 10883942                   /usr/lib/x86_64-linux-gnu/libm.so.6
7f7c42ab3000-7f7c42abb000 rw-s 00000000 08:05 7077982                    /tmp/hsperfdata_panini/43672
7f7c42abb000-7f7c42d0d000 r--p 00000000 07:07 1349                       /snap/eclipse/67/plugins/org.eclipse.justj.openjdk.hotspot.jre.full.linux.x86_64_17.0.5.v20221102-0933/jre/lib/server/libjvm.so
7f7c42d0d000-7f7c43a26000 r-xp 00252000 07:07 1349                       /snap/eclipse/67/plugins/org.eclipse.justj.openjdk.hotspot.jre.full.linux.x86_64_17.0.5.v20221102-0933/jre/lib/server/libjvm.so
7f7c43a26000-7f7c43cb1000 r--p 00f6b000 07:07 1349                       /snap/eclipse/67/plugins/org.eclipse.justj.openjdk.hotspot.jre.full.linux.x86_64_17.0.5.v20221102-0933/jre/lib/server/libjvm.so
7f7c43cb1000-7f7c43cb2000 ---p 011f6000 07:07 1349                       /snap/eclipse/67/plugins/org.eclipse.justj.openjdk.hotspot.jre.full.linux.x86_64_17.0.5.v20221102-0933/jre/lib/server/libjvm.so
7f7c43cb2000-7f7c43d6b000 r--p 011f6000 07:07 1349                       /snap/eclipse/67/plugins/org.eclipse.justj.openjdk.hotspot.jre.full.linux.x86_64_17.0.5.v20221102-0933/jre/lib/server/libjvm.so
7f7c43d6b000-7f7c43da0000 rw-p 012af000 07:07 1349                       /snap/eclipse/67/plugins/org.eclipse.justj.openjdk.hotspot.jre.full.linux.x86_64_17.0.5.v20221102-0933/jre/lib/server/libjvm.so
7f7c43da0000-7f7c43dfa000 rw-p 00000000 00:00 0 
7f7c43e00000-7f7c43e28000 r--p 00000000 08:05 10883791                   /usr/lib/x86_64-linux-gnu/libc.so.6
7f7c43e28000-7f7c43fbd000 r-xp 00028000 08:05 10883791                   /usr/lib/x86_64-linux-gnu/libc.so.6
7f7c43fbd000-7f7c44015000 r--p 001bd000 08:05 10883791                   /usr/lib/x86_64-linux-gnu/libc.so.6
7f7c44015000-7f7c44019000 r--p 00214000 08:05 10883791                   /usr/lib/x86_64-linux-gnu/libc.so.6
7f7c44019000-7f7c4401b000 rw-p 00218000 08:05 10883791                   /usr/lib/x86_64-linux-gnu/libc.so.6
7f7c4401b000-7f7c44028000 rw-p 00000000 00:00 0 
7f7c4402b000-7f7c4402c000 r--p 00000000 08:05 10883798                   /usr/lib/x86_64-linux-gnu/libdl.so.2
7f7c4402c000-7f7c4402d000 r-xp 00001000 08:05 10883798                   /usr/lib/x86_64-linux-gnu/libdl.so.2
7f7c4402d000-7f7c4402e000 r--p 00002000 08:05 10883798                   /usr/lib/x86_64-linux-gnu/libdl.so.2
7f7c4402e000-7f7c4402f000 r--p 00002000 08:05 10883798                   /usr/lib/x86_64-linux-gnu/libdl.so.2
7f7c4402f000-7f7c44030000 rw-p 00003000 08:05 10883798                   /usr/lib/x86_64-linux-gnu/libdl.so.2
7f7c44033000-7f7c44034000 r--p 00000000 08:05 10886433                   /usr/lib/x86_64-linux-gnu/libpthread.so.0
7f7c44034000-7f7c44035000 r-xp 00001000 08:05 10886433                   /usr/lib/x86_64-linux-gnu/libpthread.so.0
7f7c44035000-7f7c44036000 r--p 00002000 08:05 10886433                   /usr/lib/x86_64-linux-gnu/libpthread.so.0
7f7c44036000-7f7c44037000 r--p 00002000 08:05 10886433                   /usr/lib/x86_64-linux-gnu/libpthread.so.0
7f7c44037000-7f7c44038000 rw-p 00003000 08:05 10886433                   /usr/lib/x86_64-linux-gnu/libpthread.so.0
7f7c4403b000-7f7c4403e000 r--p 00000000 07:07 1322                       /snap/eclipse/67/plugins/org.eclipse.justj.openjdk.hotspot.jre.full.linux.x86_64_17.0.5.v20221102-0933/jre/lib/libjli.so
7f7c4403e000-7f7c44048000 r-xp 00003000 07:07 1322                       /snap/eclipse/67/plugins/org.eclipse.justj.openjdk.hotspot.jre.full.linux.x86_64_17.0.5.v20221102-0933/jre/lib/libjli.so
7f7c44048000-7f7c4404b000 r--p 0000d000 07:07 1322                       /snap/eclipse/67/plugins/org.eclipse.justj.openjdk.hotspot.jre.full.linux.x86_64_17.0.5.v20221102-0933/jre/lib/libjli.so
7f7c4404b000-7f7c4404c000 ---p 00010000 07:07 1322                       /snap/eclipse/67/plugins/org.eclipse.justj.openjdk.hotspot.jre.full.linux.x86_64_17.0.5.v20221102-0933/jre/lib/libjli.so
7f7c4404c000-7f7c4404d000 r--p 00010000 07:07 1322                       /snap/eclipse/67/plugins/org.eclipse.justj.openjdk.hotspot.jre.full.linux.x86_64_17.0.5.v20221102-0933/jre/lib/libjli.so
7f7c4404d000-7f7c4404e000 rw-p 00011000 07:07 1322                       /snap/eclipse/67/plugins/org.eclipse.justj.openjdk.hotspot.jre.full.linux.x86_64_17.0.5.v20221102-0933/jre/lib/libjli.so
7f7c44053000-7f7c44055000 r--p 00000000 08:05 10880665                   /usr/lib/x86_64-linux-gnu/libz.so.1.2.11
7f7c44055000-7f7c44066000 r-xp 00002000 08:05 10880665                   /usr/lib/x86_64-linux-gnu/libz.so.1.2.11
7f7c44066000-7f7c4406c000 r--p 00013000 08:05 10880665                   /usr/lib/x86_64-linux-gnu/libz.so.1.2.11
7f7c4406c000-7f7c4406d000 ---p 00019000 08:05 10880665                   /usr/lib/x86_64-linux-gnu/libz.so.1.2.11
7f7c4406d000-7f7c4406e000 r--p 00019000 08:05 10880665                   /usr/lib/x86_64-linux-gnu/libz.so.1.2.11
7f7c4406e000-7f7c4406f000 rw-p 0001a000 08:05 10880665                   /usr/lib/x86_64-linux-gnu/libz.so.1.2.11
7f7c4406f000-7f7c44074000 rw-p 00000000 00:00 0 
7f7c44074000-7f7c4407b000 ---p 00000000 00:00 0 
7f7c4407b000-7f7c4407c000 r--p 00000000 08:05 10886452                   /usr/lib/x86_64-linux-gnu/librt.so.1
7f7c4407c000-7f7c4407d000 r-xp 00001000 08:05 10886452                   /usr/lib/x86_64-linux-gnu/librt.so.1
7f7c4407d000-7f7c4407e000 r--p 00002000 08:05 10886452                   /usr/lib/x86_64-linux-gnu/librt.so.1
7f7c4407e000-7f7c4407f000 r--p 00002000 08:05 10886452                   /usr/lib/x86_64-linux-gnu/librt.so.1
7f7c4407f000-7f7c44080000 rw-p 00003000 08:05 10886452                   /usr/lib/x86_64-linux-gnu/librt.so.1
7f7c44083000-7f7c44084000 ---p 00000000 00:00 0 
7f7c44084000-7f7c44085000 r--p 00000000 00:00 0 
7f7c44085000-7f7c4408b000 rw-p 00000000 00:00 0 
7f7c4408b000-7f7c4408d000 r--p 00000000 08:05 10882137                   /usr/lib/x86_64-linux-gnu/ld-linux-x86-64.so.2
7f7c4408d000-7f7c440b7000 r-xp 00002000 08:05 10882137                   /usr/lib/x86_64-linux-gnu/ld-linux-x86-64.so.2
7f7c440b7000-7f7c440c2000 r--p 0002c000 08:05 10882137                   /usr/lib/x86_64-linux-gnu/ld-linux-x86-64.so.2
7f7c440c3000-7f7c440c5000 r--p 00037000 08:05 10882137                   /usr/lib/x86_64-linux-gnu/ld-linux-x86-64.so.2
7f7c440c5000-7f7c440c7000 rw-p 00039000 08:05 10882137                   /usr/lib/x86_64-linux-gnu/ld-linux-x86-64.so.2
7f7c440c7000-7f7c440c8000 ---p 00000000 00:00 0 
7fff60a2e000-7fff60a51000 rw-p 00000000 00:00 0                          [stack]
7fff60a83000-7fff60a87000 r--p 00000000 00:00 0                          [vvar]
7fff60a87000-7fff60a89000 r-xp 00000000 00:00 0                          [vdso]
ffffffffff600000-ffffffffff601000 --xp 00000000 00:00 0                  [vsyscall]


VM Arguments:
jvm_args: -XX:+ShowCodeDetailsInExceptionMessages -agentlib:jdwp=transport=dt_socket,suspend=y,address=localhost:46597 -javaagent:/home/panini/snap/eclipse/67/amd64/configuration/org.eclipse.osgi/221/0/.cp/lib/javaagent-shaded.jar -Dfile.encoding=UTF-8 
java_command: com.ravish.bms.CrmApplication
java_class_path (initial): /home/panini/BMSUpdated/bmsServer/target/classes:/home/panini/.m2/repository/com/opencsv/opencsv/5.3/opencsv-5.3.jar:/home/panini/.m2/repository/org/apache/commons/commons-text/1.9/commons-text-1.9.jar:/home/panini/.m2/repository/commons-beanutils/commons-beanutils/1.9.4/commons-beanutils-1.9.4.jar:/home/panini/.m2/repository/commons-logging/commons-logging/1.2/commons-logging-1.2.jar:/home/panini/.m2/repository/commons-collections/commons-collections/3.2.2/commons-collections-3.2.2.jar:/home/panini/.m2/repository/org/apache/commons/commons-collections4/4.4/commons-collections4-4.4.jar:/home/panini/.m2/repository/org/springframework/boot/spring-boot-starter-tomcat/2.3.3.RELEASE/spring-boot-starter-tomcat-2.3.3.RELEASE.jar:/home/panini/.m2/repository/jakarta/annotation/jakarta.annotation-api/1.3.5/jakarta.annotation-api-1.3.5.jar:/home/panini/.m2/repository/org/apache/tomcat/embed/tomcat-embed-core/9.0.37/tomcat-embed-core-9.0.37.jar:/home/panini/.m2/repository/org/glassfish/jakarta.el/3.0.3/jakarta.el-3.0.3.jar:/home/panini/.m2/repository/org/apache/tomcat/embed/tomcat-embed-websocket/9.0.37/tomcat-embed-websocket-9.0.37.jar:/home/panini/.m2/repository/com/google/code/gson/gson/2.8.5/gson-2.8.5.jar:/home/panini/.m2/repository/io/jsonwebtoken/jjwt/0.9.0/jjwt-0.9.0.jar:/home/panini/.m2/repository/com/fasterxml/jackson/core/jackson-databind/2.11.2/jackson-databind-2.11.2.jar:/home/panini/.m2/repository/com/fasterxml/jackson/core/jackson-annotations/2.11.2/jackson-annotations-2.11.2.jar:/home/panini/.m2/repository/com/fasterxml/jackson/core/jackson-core/2.11.2/jackson-core-2.11.2.jar:/home/panini/.m2/repository/org/springframework/boot/spring-boot-starter-data-jpa/2.3.3.RELEASE/spring-boot-starter-data-jpa-2.3.3.RELEASE.jar:/home/panini/.m2/repository/org/springframework/boot/spring-boot-starter-aop/2.3.3.RELEASE/spring-boot-starter-aop-2.3.3.RELEASE.jar:/home/panini/.m2/repository/org/aspectj/aspectjweaver/1.9.6/aspectjweaver-1.9.6.jar:/hom
Launcher Type: SUN_STANDARD

[Global flags]
     intx CICompilerCount                          = 3                                         {product} {ergonomic}
     uint ConcGCThreads                            = 1                                         {product} {ergonomic}
     uint G1ConcRefinementThreads                  = 4                                         {product} {ergonomic}
   size_t G1HeapRegionSize                         = 2097152                                   {product} {ergonomic}
    uintx GCDrainStackTargetSize                   = 64                                        {product} {ergonomic}
   size_t InitialHeapSize                          = 245366784                                 {product} {ergonomic}
   size_t MarkStackSize                            = 4194304                                   {product} {ergonomic}
   size_t MaxHeapSize                              = 3913285632                                {product} {ergonomic}
   size_t MaxNewSize                               = 2346713088                                {product} {ergonomic}
   size_t MinHeapDeltaBytes                        = 2097152                                   {product} {ergonomic}
   size_t MinHeapSize                              = 8388608                                   {product} {ergonomic}
    uintx NonNMethodCodeHeapSize                   = 5832780                                {pd product} {ergonomic}
    uintx NonProfiledCodeHeapSize                  = 122912730                              {pd product} {ergonomic}
    uintx ProfiledCodeHeapSize                     = 122912730                              {pd product} {ergonomic}
    uintx ReservedCodeCacheSize                    = 251658240                              {pd product} {ergonomic}
     bool SegmentedCodeCache                       = true                                      {product} {ergonomic}
     bool ShowCodeDetailsInExceptionMessages       = true                                   {manageable} {command line}
   size_t SoftMaxHeapSize                          = 3913285632                             {manageable} {ergonomic}
     bool UseCompressedClassPointers               = true                           {product lp64_product} {ergonomic}
     bool UseCompressedOops                        = true                           {product lp64_product} {ergonomic}
     bool UseG1GC                                  = true                                      {product} {ergonomic}

Logging:
Log output configuration:
 #0: stdout all=warning uptime,level,tags
 #1: stderr all=off uptime,level,tags

Environment Variables:
PATH=/usr/local/sbin:/usr/local/bin:/usr/sbin:/usr/bin:/sbin:/bin:/usr/games:/usr/local/games:/snap/bin:/snap/bin
USERNAME=panini
SHELL=/bin/bash
DISPLAY=:0
LANG=en_IN

Signal Handlers:
   SIGSEGV: crash_handler in libjvm.so, mask=11100100010111111101111111111110, flags=SA_RESTART|SA_SIGINFO
    SIGBUS: crash_handler in libjvm.so, mask=11100100010111111101111111111110, flags=SA_RESTART|SA_SIGINFO
    SIGFPE: crash_handler in libjvm.so, mask=11100100010111111101111111111110, flags=SA_RESTART|SA_SIGINFO
   SIGPIPE: javaSignalHandler in libjvm.so, mask=11100100010111111101111111111110, flags=SA_RESTART|SA_SIGINFO
   SIGXFSZ: javaSignalHandler in libjvm.so, mask=11100100010111111101111111111110, flags=SA_RESTART|SA_SIGINFO
    SIGILL: crash_handler in libjvm.so, mask=11100100010111111101111111111110, flags=SA_RESTART|SA_SIGINFO
   SIGUSR2: SR_handler in libjvm.so, mask=00100000000000000000000000000000, flags=SA_RESTART|SA_SIGINFO
    SIGHUP: UserHandler in libjvm.so, mask=11100100010111111101111111111110, flags=SA_RESTART|SA_SIGINFO
    SIGINT: UserHandler in libjvm.so, mask=11100100010111111101111111111110, flags=SA_RESTART|SA_SIGINFO
   SIGTERM: UserHandler in libjvm.so, mask=11100100010111111101111111111110, flags=SA_RESTART|SA_SIGINFO
   SIGQUIT: UserHandler in libjvm.so, mask=11100100010111111101111111111110, flags=SA_RESTART|SA_SIGINFO
  *** Handler was modified!
  *** Expected: javaSignalHandler in libjvm.so, mask=11100100110111111111111111111110, flags=SA_RESTART|SA_SIGINFO
   SIGTRAP: crash_handler in libjvm.so, mask=11100100010111111101111111111110, flags=SA_RESTART|SA_SIGINFO


---------------  S Y S T E M  ---------------

OS:
DISTRIB_ID=Ubuntu
DISTRIB_RELEASE=22.04
DISTRIB_CODENAME=jammy
DISTRIB_DESCRIPTION="Ubuntu 22.04.2 LTS"
uname: Linux 6.2.0-31-generic #31~22.04.1-Ubuntu SMP PREEMPT_DYNAMIC Wed Aug 16 13:45:26 UTC 2 x86_64
OS uptime: 0 days 2:37 hours
libc: glibc 2.35 NPTL 2.35 
rlimit (soft/hard): STACK 8192k/infinity , CORE 0k/infinity , NPROC 59414/59414 , NOFILE 1048576/1048576 , AS infinity/infinity , CPU infinity/infinity , DATA infinity/infinity , FSIZE infinity/infinity , MEMLOCK 1910780k/1910780k
load average: 1.30 0.91 1.02

/proc/meminfo:
MemTotal:       15286260 kB
MemFree:          793896 kB
MemAvailable:    6871544 kB
Buffers:          159116 kB
Cached:          5546464 kB
SwapCached:            0 kB
Active:          2775848 kB
Inactive:       10426536 kB
Active(anon):       2376 kB
Inactive(anon):  7553372 kB
Active(file):    2773472 kB
Inactive(file):  2873164 kB
Unevictable:         208 kB
Mlocked:             208 kB
SwapTotal:       2097148 kB
SwapFree:        2097148 kB
Zswap:                 0 kB
Zswapped:              0 kB
Dirty:               384 kB
Writeback:             0 kB
AnonPages:       7497028 kB
Mapped:           849036 kB
Shmem:             58732 kB
KReclaimable:     767436 kB
Slab:             961456 kB
SReclaimable:     767436 kB
SUnreclaim:       194020 kB
KernelStack:       20704 kB
PageTables:        79104 kB
SecPageTables:         0 kB
NFS_Unstable:          0 kB
Bounce:                0 kB
WritebackTmp:          0 kB
CommitLimit:     9740276 kB
Committed_AS:   14040448 kB
VmallocTotal:   34359738367 kB
VmallocUsed:       89284 kB
VmallocChunk:          0 kB
Percpu:             3200 kB
HardwareCorrupted:     0 kB
AnonHugePages:         0 kB
ShmemHugePages:        0 kB
ShmemPmdMapped:        0 kB
FileHugePages:         0 kB
FilePmdMapped:         0 kB
HugePages_Total:       0
HugePages_Free:        0
HugePages_Rsvd:        0
HugePages_Surp:        0
Hugepagesize:       2048 kB
Hugetlb:               0 kB
DirectMap4k:      594684 kB
DirectMap2M:    12986368 kB
DirectMap1G:     2097152 kB

/sys/kernel/mm/transparent_hugepage/enabled: always [madvise] never
/sys/kernel/mm/transparent_hugepage/defrag (defrag/compaction efforts parameter): always defer defer+madvise [madvise] never

Process Memory:
Virtual Size: 7544384K (peak: 7544384K)
Resident Set Size: 564280K (peak: 564280K) (anon: 530616K, file: 33664K, shmem: 0K)
Swapped out: 0K
C-Heap outstanding allocations: 58445K, retained: 197378K
glibc malloc tunables: (default)

/proc/sys/kernel/threads-max (system-wide limit on the number of threads): 118828
/proc/sys/vm/max_map_count (maximum number of memory map areas a process may have): 65530
/proc/sys/kernel/pid_max (system-wide limit on number of process identifiers): 4194304

container (cgroup) information:
container_type: cgroupv2
cpu_cpuset_cpus: not supported
cpu_memory_nodes: not supported
active_processor_count: 4
cpu_quota: not supported
cpu_period: not supported
cpu_shares: not supported
memory_limit_in_bytes: unlimited
memory_and_swap_limit_in_bytes: unlimited
memory_soft_limit_in_bytes: unlimited
memory_usage_in_bytes: 2969096 k
memory_max_usage_in_bytes: not supported
maximum number of tasks: 17824
current number of tasks: 280

Steal ticks since vm start: 0
Steal ticks percentage since vm start:  0.000

CPU: total 4 (initial active 4) (4 cores per cpu, 1 threads per core) family 21 model 48 stepping 1 microcode 0x6003106, cx8, cmov, fxsr, mmx, 3dnowpref, sse, sse2, sse3, ssse3, sse4a, sse4.1, sse4.2, popcnt, lzcnt, tsc, tscinvbit, avx, aes, clmul, bmi1, fma, vzeroupper, clflush
CPU Model and flags from /proc/cpuinfo:
model name	: AMD A10-7300 Radeon R6, 10 Compute Cores 4C+6G
flags		: fpu vme de pse tsc msr pae mce cx8 apic sep mtrr pge mca cmov pat pse36 clflush mmx fxsr sse sse2 ht syscall nx mmxext fxsr_opt pdpe1gb rdtscp lm constant_tsc rep_good nopl nonstop_tsc cpuid extd_apicid aperfmperf pni pclmulqdq monitor ssse3 fma cx16 sse4_1 sse4_2 popcnt aes xsave avx f16c lahf_lm cmp_legacy svm extapic cr8_legacy abm sse4a misalignsse 3dnowprefetch osvw ibs xop skinit wdt lwp fma4 tce nodeid_msr tbm topoext perfctr_core perfctr_nb bpext ptsc cpb hw_pstate ssbd vmmcall fsgsbase bmi1 xsaveopt arat npt lbrv svm_lock nrip_save tsc_scale vmcb_clean flushbyasid decodeassists pausefilter pfthreshold overflow_recov

Online cpus: 0-3
Offline cpus: 
BIOS frequency limitation: 1900000
Frequency switch latency (ns): 4000
Available cpu frequencies: 1900000 1800000 1500000 1200000 1100000 
Current governor: schedutil
Core performance/turbo boost: 1

Memory: 4k page, physical 15286260k(793896k free), swap 2097148k(2097148k free)
Page Sizes: 4k

vm_info: OpenJDK 64-Bit Server VM (17.0.5+8) for linux-amd64 JRE (17.0.5+8), built on Oct 18 2022 00:00:00 by "temurin" with gcc 10.3.0

END.
